{
  "hostname": "N-1A9ODN6ZXK4LQ",
  "domain": null,
  "ts": "2004-08-19T23:04:38+00:00",
  "TimeGenerated": "2004-08-19T23:04:38+00:00",
  "TimeWritten": "2004-08-19T23:04:38+00:00",
  "SourceName": "Service Control Manager",
  "EventID": 1073748860,
  "EventCode": 7036,
  "EventFacility": 0,
  "EventCustomerFlag": 0,
  "EventSeverity": 1073741824,
  "EventType": 4,
  "EventCategory": 0,
  "Computername": "N-1A9ODN6ZXK4LQ",
  "UserSid": null,
  "Strings": [
    "Windows Installer",
    "running"
  ],
  "Data": "",
  "_source": "4Dell+Latitude+CPi.E01",
  "_classification": null,
  "_generated": "2025-04-19T01:37:26.791871+00:00",
  "_version": 1
}
{
  "hostname": "N-1A9ODN6ZXK4LQ",
  "domain": null,
  "ts": "2004-08-19T23:06:16+00:00",
  "TimeGenerated": "2004-08-19T23:06:16+00:00",
  "TimeWritten": "2004-08-19T23:06:16+00:00",
  "SourceName": "SRService",
  "EventID": 1073741940,
  "EventCode": 116,
  "EventFacility": 0,
  "EventCustomerFlag": 0,
  "EventSeverity": 1073741824,
  "EventType": 4,
  "EventCategory": 0,
  "Computername": "N-1A9ODN6ZXK4LQ",
  "UserSid": null,
  "Strings": [],
  "Data": "",
  "_source": "4Dell+Latitude+CPi.E01",
  "_classification": null,
  "_generated": "2025-04-19T01:37:26.791936+00:00",
  "_version": 1
}
{
  "hostname": "N-1A9ODN6ZXK4LQ",
  "domain": null,
  "ts": "2004-08-19T23:06:17+00:00",
  "TimeGenerated": "2004-08-19T23:06:17+00:00",
  "TimeWritten": "2004-08-19T23:06:17+00:00",
  "SourceName": "Service Control Manager",
  "EventID": 1073748860,
  "EventCode": 7036,
  "EventFacility": 0,
  "EventCustomerFlag": 0,
  "EventSeverity": 1073741824,
  "EventType": 4,
  "EventCategory": 0,
  "Computername": "N-1A9ODN6ZXK4LQ",
  "UserSid": null,
  "Strings": [
    "System Restore Service",
    "stopped"
  ],
  "Data": "",
  "_source": "4Dell+Latitude+CPi.E01",
  "_classification": null,
  "_generated": "2025-04-19T01:37:26.792038+00:00",
  "_version": 1
}
{
  "hostname": "N-1A9ODN6ZXK4LQ",
  "domain": null,
  "ts": "2004-08-19T23:06:41+00:00",
  "TimeGenerated": "2004-08-19T23:06:41+00:00",
  "TimeWritten": "2004-08-19T23:06:41+00:00",
  "SourceName": "Service Control Manager",
  "EventID": 1073748860,
  "EventCode": 7036,
  "EventFacility": 0,
  "EventCustomerFlag": 0,
  "EventSeverity": 1073741824,
  "EventType": 4,
  "EventCategory": 0,
  "Computername": "N-1A9ODN6ZXK4LQ",
  "UserSid": null,
  "Strings": [
    "Windows Installer",
    "stopped"
  ],
  "Data": "",
  "_source": "4Dell+Latitude+CPi.E01",
  "_classification": null,
  "_generated": "2025-04-19T01:37:26.792132+00:00",
  "_version": 1
}
{
  "hostname": "N-1A9ODN6ZXK4LQ",
  "domain": null,
  "ts": "2004-08-19T23:06:51+00:00",
  "TimeGenerated": "2004-08-19T23:06:51+00:00",
  "TimeWritten": "2004-08-19T23:06:51+00:00",
  "SourceName": "EventLog",
  "EventID": 2147489654,
  "EventCode": 6006,
  "EventFacility": 0,
  "EventCustomerFlag": 0,
  "EventSeverity": 2147483648,
  "EventType": 4,
  "EventCategory": 0,
  "Computername": "N-1A9ODN6ZXK4LQ",
  "UserSid": null,
  "Strings": [],
  "Data": "/wAAAA==",
  "_source": "4Dell+Latitude+CPi.E01",
  "_classification": null,
  "_generated": "2025-04-19T01:37:26.792195+00:00",
  "_version": 1
}
{
  "hostname": "N-1A9ODN6ZXK4LQ",
  "domain": null,
  "ts": "2004-08-20T15:01:22+00:00",
  "TimeGenerated": "2004-08-20T15:01:22+00:00",
  "TimeWritten": "2004-08-20T15:01:22+00:00",
  "SourceName": "EventLog",
  "EventID": 2147489657,
  "EventCode": 6009,
  "EventFacility": 0,
  "EventCustomerFlag": 0,
  "EventSeverity": 2147483648,
  "EventType": 4,
  "EventCategory": 0,
  "Computername": "N-1A9ODN6ZXK4LQ",
  "UserSid": null,
  "Strings": [
    "5.01.",
    "2600",
    "",
    "Uniprocessor Free"
  ],
  "Data": "",
  "_source": "4Dell+Latitude+CPi.E01",
  "_classification": null,
  "_generated": "2025-04-19T01:37:26.792304+00:00",
  "_version": 1
}
{
  "hostname": "N-1A9ODN6ZXK4LQ",
  "domain": null,
  "ts": "2004-08-20T15:01:22+00:00",
  "TimeGenerated": "2004-08-20T15:01:22+00:00",
  "TimeWritten": "2004-08-20T15:01:22+00:00",
  "SourceName": "EventLog",
  "EventID": 2147489653,
  "EventCode": 6005,
  "EventFacility": 0,
  "EventCustomerFlag": 0,
  "EventSeverity": 2147483648,
  "EventType": 4,
  "EventCategory": 0,
  "Computername": "N-1A9ODN6ZXK4LQ",
  "UserSid": null,
  "Strings": [],
  "Data": "",
  "_source": "4Dell+Latitude+CPi.E01",
  "_classification": null,
  "_generated": "2025-04-19T01:37:26.792373+00:00",
  "_version": 1
}
{
  "hostname": "N-1A9ODN6ZXK4LQ",
  "domain": null,
  "ts": "2004-08-20T15:01:09+00:00",
  "TimeGenerated": "2004-08-20T15:01:09+00:00",
  "TimeWritten": "2004-08-20T15:01:39+00:00",
  "SourceName": "Tcpip",
  "EventID": 1073746025,
  "EventCode": 4201,
  "EventFacility": 0,
  "EventCustomerFlag": 0,
  "EventSeverity": 1073741824,
  "EventType": 4,
  "EventCategory": 0,
  "Computername": "N-1A9ODN6ZXK4LQ",
  "UserSid": null,
  "Strings": [
    "",
    "\\DEVICE\\TCPIP_{6E4090C2-FAEF-489A-8575-505D21FC1049}"
  ],
  "Data": "AAAAAAIAUAAAAAAAaRAAQAIAAAAAAAAAAAAAAAAAAAAAAAAAAAAAAA==",
  "_source": "4Dell+Latitude+CPi.E01",
  "_classification": null,
  "_generated": "2025-04-19T01:37:26.792474+00:00",
  "_version": 1
}
{
  "hostname": "N-1A9ODN6ZXK4LQ",
  "domain": null,
  "ts": "2004-08-20T15:02:24+00:00",
  "TimeGenerated": "2004-08-20T15:02:24+00:00",
  "TimeWritten": "2004-08-20T15:02:24+00:00",
  "SourceName": "Dhcp",
  "EventID": 1007,
  "EventCode": 1007,
  "EventFacility": 0,
  "EventCustomerFlag": 0,
  "EventSeverity": 0,
  "EventType": 2,
  "EventCategory": 0,
  "Computername": "N-1A9ODN6ZXK4LQ",
  "UserSid": null,
  "Strings": [
    "0010A4933E09",
    "169.254.242.213"
  ],
  "Data": "AAAAAA==",
  "_source": "4Dell+Latitude+CPi.E01",
  "_classification": null,
  "_generated": "2025-04-19T01:37:26.792608+00:00",
  "_version": 1
}
{
  "hostname": "N-1A9ODN6ZXK4LQ",
  "domain": null,
  "ts": "2004-08-20T15:02:37+00:00",
  "TimeGenerated": "2004-08-20T15:02:37+00:00",
  "TimeWritten": "2004-08-20T15:02:37+00:00",
  "SourceName": "W32Time",
  "EventID": 2186936337,
  "EventCode": 17,
  "EventFacility": 39452672,
  "EventCustomerFlag": 0,
  "EventSeverity": 2147483648,
  "EventType": 1,
  "EventCategory": 0,
  "Computername": "N-1A9ODN6ZXK4LQ",
  "UserSid": null,
  "Strings": [
    "time.windows.com,0x1",
    "A socket operation was attempted to an unreachable host. (0x80072751)",
    "15"
  ],
  "Data": "",
  "_source": "4Dell+Latitude+CPi.E01",
  "_classification": null,
  "_generated": "2025-04-19T01:37:26.792737+00:00",
  "_version": 1
}
{
  "hostname": "N-1A9ODN6ZXK4LQ",
  "domain": null,
  "ts": "2004-08-20T15:02:37+00:00",
  "TimeGenerated": "2004-08-20T15:02:37+00:00",
  "TimeWritten": "2004-08-20T15:02:37+00:00",
  "SourceName": "W32Time",
  "EventID": 3260678173,
  "EventCode": 29,
  "EventFacility": 39452672,
  "EventCustomerFlag": 0,
  "EventSeverity": 3221225472,
  "EventType": 1,
  "EventCategory": 0,
  "Computername": "N-1A9ODN6ZXK4LQ",
  "UserSid": null,
  "Strings": [
    "14"
  ],
  "Data": "",
  "_source": "4Dell+Latitude+CPi.E01",
  "_classification": null,
  "_generated": "2025-04-19T01:37:26.792808+00:00",
  "_version": 1
}
{
  "hostname": "N-1A9ODN6ZXK4LQ",
  "domain": null,
  "ts": "2004-08-20T15:02:43+00:00",
  "TimeGenerated": "2004-08-20T15:02:43+00:00",
  "TimeWritten": "2004-08-20T15:02:43+00:00",
  "SourceName": "W32Time",
  "EventID": 2186936337,
  "EventCode": 17,
  "EventFacility": 39452672,
  "EventCustomerFlag": 0,
  "EventSeverity": 2147483648,
  "EventType": 1,
  "EventCategory": 0,
  "Computername": "N-1A9ODN6ZXK4LQ",
  "UserSid": null,
  "Strings": [
    "time.windows.com,0x1",
    "A socket operation was attempted to an unreachable host. (0x80072751)",
    "15"
  ],
  "Data": "",
  "_source": "4Dell+Latitude+CPi.E01",
  "_classification": null,
  "_generated": "2025-04-19T01:37:26.792949+00:00",
  "_version": 1
}
{
  "hostname": "N-1A9ODN6ZXK4LQ",
  "domain": null,
  "ts": "2004-08-20T15:02:43+00:00",
  "TimeGenerated": "2004-08-20T15:02:43+00:00",
  "TimeWritten": "2004-08-20T15:02:43+00:00",
  "SourceName": "W32Time",
  "EventID": 3260678173,
  "EventCode": 29,
  "EventFacility": 39452672,
  "EventCustomerFlag": 0,
  "EventSeverity": 3221225472,
  "EventType": 1,
  "EventCategory": 0,
  "Computername": "N-1A9ODN6ZXK4LQ",
  "UserSid": null,
  "Strings": [
    "14"
  ],
  "Data": "",
  "_source": "4Dell+Latitude+CPi.E01",
  "_classification": null,
  "_generated": "2025-04-19T01:37:26.793019+00:00",
  "_version": 1
}
{
  "hostname": "N-1A9ODN6ZXK4LQ",
  "domain": null,
  "ts": "2004-08-20T15:03:02+00:00",
  "TimeGenerated": "2004-08-20T15:03:02+00:00",
  "TimeWritten": "2004-08-20T15:03:02+00:00",
  "SourceName": "Service Control Manager",
  "EventID": 1073748859,
  "EventCode": 7035,
  "EventFacility": 0,
  "EventCustomerFlag": 0,
  "EventSeverity": 1073741824,
  "EventType": 4,
  "EventCategory": 0,
  "Computername": "N-1A9ODN6ZXK4LQ",
  "UserSid": null,
  "Strings": [
    "Terminal Services",
    "start"
  ],
  "Data": "",
  "_source": "4Dell+Latitude+CPi.E01",
  "_classification": null,
  "_generated": "2025-04-19T01:37:26.793127+00:00",
  "_version": 1
}
{
  "hostname": "N-1A9ODN6ZXK4LQ",
  "domain": null,
  "ts": "2004-08-20T15:03:02+00:00",
  "TimeGenerated": "2004-08-20T15:03:02+00:00",
  "TimeWritten": "2004-08-20T15:03:02+00:00",
  "SourceName": "Service Control Manager",
  "EventID": 1073748859,
  "EventCode": 7035,
  "EventFacility": 0,
  "EventCustomerFlag": 0,
  "EventSeverity": 1073741824,
  "EventType": 4,
  "EventCategory": 0,
  "Computername": "N-1A9ODN6ZXK4LQ",
  "UserSid": null,
  "Strings": [
    "Network Connections",
    "start"
  ],
  "Data": "",
  "_source": "4Dell+Latitude+CPi.E01",
  "_classification": null,
  "_generated": "2025-04-19T01:37:26.793230+00:00",
  "_version": 1
}
{
  "hostname": "N-1A9ODN6ZXK4LQ",
  "domain": null,
  "ts": "2004-08-20T15:03:02+00:00",
  "TimeGenerated": "2004-08-20T15:03:02+00:00",
  "TimeWritten": "2004-08-20T15:03:02+00:00",
  "SourceName": "Service Control Manager",
  "EventID": 1073748860,
  "EventCode": 7036,
  "EventFacility": 0,
  "EventCustomerFlag": 0,
  "EventSeverity": 1073741824,
  "EventType": 4,
  "EventCategory": 0,
  "Computername": "N-1A9ODN6ZXK4LQ",
  "UserSid": null,
  "Strings": [
    "Network Connections",
    "running"
  ],
  "Data": "",
  "_source": "4Dell+Latitude+CPi.E01",
  "_classification": null,
  "_generated": "2025-04-19T01:37:26.793334+00:00",
  "_version": 1
}
{
  "hostname": "N-1A9ODN6ZXK4LQ",
  "domain": null,
  "ts": "2004-08-20T15:03:02+00:00",
  "TimeGenerated": "2004-08-20T15:03:02+00:00",
  "TimeWritten": "2004-08-20T15:03:02+00:00",
  "SourceName": "Service Control Manager",
  "EventID": 1073748860,
  "EventCode": 7036,
  "EventFacility": 0,
  "EventCustomerFlag": 0,
  "EventSeverity": 1073741824,
  "EventType": 4,
  "EventCategory": 0,
  "Computername": "N-1A9ODN6ZXK4LQ",
  "UserSid": null,
  "Strings": [
    "Terminal Services",
    "running"
  ],
  "Data": "",
  "_source": "4Dell+Latitude+CPi.E01",
  "_classification": null,
  "_generated": "2025-04-19T01:37:26.793441+00:00",
  "_version": 1
}
{
  "hostname": "N-1A9ODN6ZXK4LQ",
  "domain": null,
  "ts": "2004-08-20T15:03:02+00:00",
  "TimeGenerated": "2004-08-20T15:03:02+00:00",
  "TimeWritten": "2004-08-20T15:03:02+00:00",
  "SourceName": "Service Control Manager",
  "EventID": 1073748859,
  "EventCode": 7035,
  "EventFacility": 0,
  "EventCustomerFlag": 0,
  "EventSeverity": 1073741824,
  "EventType": 4,
  "EventCategory": 0,
  "Computername": "N-1A9ODN6ZXK4LQ",
  "UserSid": null,
  "Strings": [
    "Fast User Switching Compatibility",
    "start"
  ],
  "Data": "",
  "_source": "4Dell+Latitude+CPi.E01",
  "_classification": null,
  "_generated": "2025-04-19T01:37:26.793547+00:00",
  "_version": 1
}
{
  "hostname": "N-1A9ODN6ZXK4LQ",
  "domain": null,
  "ts": "2004-08-20T15:03:02+00:00",
  "TimeGenerated": "2004-08-20T15:03:02+00:00",
  "TimeWritten": "2004-08-20T15:03:02+00:00",
  "SourceName": "Service Control Manager",
  "EventID": 1073748860,
  "EventCode": 7036,
  "EventFacility": 0,
  "EventCustomerFlag": 0,
  "EventSeverity": 1073741824,
  "EventType": 4,
  "EventCategory": 0,
  "Computername": "N-1A9ODN6ZXK4LQ",
  "UserSid": null,
  "Strings": [
    "Fast User Switching Compatibility",
    "running"
  ],
  "Data": "",
  "_source": "4Dell+Latitude+CPi.E01",
  "_classification": null,
  "_generated": "2025-04-19T01:37:26.793652+00:00",
  "_version": 1
}
{
  "hostname": "N-1A9ODN6ZXK4LQ",
  "domain": null,
  "ts": "2004-08-20T15:03:02+00:00",
  "TimeGenerated": "2004-08-20T15:03:02+00:00",
  "TimeWritten": "2004-08-20T15:03:02+00:00",
  "SourceName": "Service Control Manager",
  "EventID": 1073748859,
  "EventCode": 7035,
  "EventFacility": 0,
  "EventCustomerFlag": 0,
  "EventSeverity": 1073741824,
  "EventType": 4,
  "EventCategory": 0,
  "Computername": "N-1A9ODN6ZXK4LQ",
  "UserSid": null,
  "Strings": [
    "SSDP Discovery Service",
    "start"
  ],
  "Data": "",
  "_source": "4Dell+Latitude+CPi.E01",
  "_classification": null,
  "_generated": "2025-04-19T01:37:26.793758+00:00",
  "_version": 1
}
{
  "hostname": "N-1A9ODN6ZXK4LQ",
  "domain": null,
  "ts": "2004-08-20T15:03:02+00:00",
  "TimeGenerated": "2004-08-20T15:03:02+00:00",
  "TimeWritten": "2004-08-20T15:03:02+00:00",
  "SourceName": "Service Control Manager",
  "EventID": 1073748860,
  "EventCode": 7036,
  "EventFacility": 0,
  "EventCustomerFlag": 0,
  "EventSeverity": 1073741824,
  "EventType": 4,
  "EventCategory": 0,
  "Computername": "N-1A9ODN6ZXK4LQ",
  "UserSid": null,
  "Strings": [
    "SSDP Discovery Service",
    "running"
  ],
  "Data": "",
  "_source": "4Dell+Latitude+CPi.E01",
  "_classification": null,
  "_generated": "2025-04-19T01:37:26.793880+00:00",
  "_version": 1
}
{
  "hostname": "N-1A9ODN6ZXK4LQ",
  "domain": null,
  "ts": "2004-08-20T15:03:02+00:00",
  "TimeGenerated": "2004-08-20T15:03:02+00:00",
  "TimeWritten": "2004-08-20T15:03:02+00:00",
  "SourceName": "Service Control Manager",
  "EventID": 1073748859,
  "EventCode": 7035,
  "EventFacility": 0,
  "EventCustomerFlag": 0,
  "EventSeverity": 1073741824,
  "EventType": 4,
  "EventCategory": 0,
  "Computername": "N-1A9ODN6ZXK4LQ",
  "UserSid": null,
  "Strings": [
    "Network Location Awareness (NLA)",
    "start"
  ],
  "Data": "",
  "_source": "4Dell+Latitude+CPi.E01",
  "_classification": null,
  "_generated": "2025-04-19T01:37:26.793987+00:00",
  "_version": 1
}
{
  "hostname": "N-1A9ODN6ZXK4LQ",
  "domain": null,
  "ts": "2004-08-20T15:03:02+00:00",
  "TimeGenerated": "2004-08-20T15:03:02+00:00",
  "TimeWritten": "2004-08-20T15:03:02+00:00",
  "SourceName": "Service Control Manager",
  "EventID": 1073748860,
  "EventCode": 7036,
  "EventFacility": 0,
  "EventCustomerFlag": 0,
  "EventSeverity": 1073741824,
  "EventType": 4,
  "EventCategory": 0,
  "Computername": "N-1A9ODN6ZXK4LQ",
  "UserSid": null,
  "Strings": [
    "Network Location Awareness (NLA)",
    "running"
  ],
  "Data": "",
  "_source": "4Dell+Latitude+CPi.E01",
  "_classification": null,
  "_generated": "2025-04-19T01:37:26.794090+00:00",
  "_version": 1
}
{
  "hostname": "N-1A9ODN6ZXK4LQ",
  "domain": null,
  "ts": "2004-08-20T15:12:06+00:00",
  "TimeGenerated": "2004-08-20T15:12:06+00:00",
  "TimeWritten": "2004-08-20T15:12:06+00:00",
  "SourceName": "Service Control Manager",
  "EventID": 1073748859,
  "EventCode": 7035,
  "EventFacility": 0,
  "EventCustomerFlag": 0,
  "EventSeverity": 1073741824,
  "EventType": 4,
  "EventCategory": 0,
  "Computername": "N-1A9ODN6ZXK4LQ",
  "UserSid": null,
  "Strings": [
    "Windows Installer",
    "start"
  ],
  "Data": "",
  "_source": "4Dell+Latitude+CPi.E01",
  "_classification": null,
  "_generated": "2025-04-19T01:37:26.794186+00:00",
  "_version": 1
}
{
  "hostname": "N-1A9ODN6ZXK4LQ",
  "domain": null,
  "ts": "2004-08-20T15:12:06+00:00",
  "TimeGenerated": "2004-08-20T15:12:06+00:00",
  "TimeWritten": "2004-08-20T15:12:06+00:00",
  "SourceName": "Service Control Manager",
  "EventID": 1073748860,
  "EventCode": 7036,
  "EventFacility": 0,
  "EventCustomerFlag": 0,
  "EventSeverity": 1073741824,
  "EventType": 4,
  "EventCategory": 0,
  "Computername": "N-1A9ODN6ZXK4LQ",
  "UserSid": null,
  "Strings": [
    "Windows Installer",
    "running"
  ],
  "Data": "",
  "_source": "4Dell+Latitude+CPi.E01",
  "_classification": null,
  "_generated": "2025-04-19T01:37:26.794281+00:00",
  "_version": 1
}
{
  "hostname": "N-1A9ODN6ZXK4LQ",
  "domain": null,
  "ts": "2004-08-20T15:17:42+00:00",
  "TimeGenerated": "2004-08-20T15:17:42+00:00",
  "TimeWritten": "2004-08-20T15:17:42+00:00",
  "SourceName": "W32Time",
  "EventID": 2186936337,
  "EventCode": 17,
  "EventFacility": 39452672,
  "EventCustomerFlag": 0,
  "EventSeverity": 2147483648,
  "EventType": 1,
  "EventCategory": 0,
  "Computername": "N-1A9ODN6ZXK4LQ",
  "UserSid": null,
  "Strings": [
    "time.windows.com,0x1",
    "A socket operation was attempted to an unreachable host. (0x80072751)",
    "30"
  ],
  "Data": "",
  "_source": "4Dell+Latitude+CPi.E01",
  "_classification": null,
  "_generated": "2025-04-19T01:37:26.794417+00:00",
  "_version": 1
}
{
  "hostname": "N-1A9ODN6ZXK4LQ",
  "domain": null,
  "ts": "2004-08-20T15:17:42+00:00",
  "TimeGenerated": "2004-08-20T15:17:42+00:00",
  "TimeWritten": "2004-08-20T15:17:42+00:00",
  "SourceName": "W32Time",
  "EventID": 3260678173,
  "EventCode": 29,
  "EventFacility": 39452672,
  "EventCustomerFlag": 0,
  "EventSeverity": 3221225472,
  "EventType": 1,
  "EventCategory": 0,
  "Computername": "N-1A9ODN6ZXK4LQ",
  "UserSid": null,
  "Strings": [
    "29"
  ],
  "Data": "",
  "_source": "4Dell+Latitude+CPi.E01",
  "_classification": null,
  "_generated": "2025-04-19T01:37:26.794490+00:00",
  "_version": 1
}
{
  "hostname": "N-1A9ODN6ZXK4LQ",
  "domain": null,
  "ts": "2004-08-20T15:22:45+00:00",
  "TimeGenerated": "2004-08-20T15:22:45+00:00",
  "TimeWritten": "2004-08-20T15:22:45+00:00",
  "SourceName": "Service Control Manager",
  "EventID": 1073748860,
  "EventCode": 7036,
  "EventFacility": 0,
  "EventCustomerFlag": 0,
  "EventSeverity": 1073741824,
  "EventType": 4,
  "EventCategory": 0,
  "Computername": "N-1A9ODN6ZXK4LQ",
  "UserSid": null,
  "Strings": [
    "Windows Installer",
    "stopped"
  ],
  "Data": "",
  "_source": "4Dell+Latitude+CPi.E01",
  "_classification": null,
  "_generated": "2025-04-19T01:37:26.794590+00:00",
  "_version": 1
}
{
  "hostname": "N-1A9ODN6ZXK4LQ",
  "domain": null,
  "ts": "2004-08-20T15:25:37+00:00",
  "TimeGenerated": "2004-08-20T15:25:37+00:00",
  "TimeWritten": "2004-08-20T15:25:37+00:00",
  "SourceName": "Service Control Manager",
  "EventID": 1073748860,
  "EventCode": 7036,
  "EventFacility": 0,
  "EventCustomerFlag": 0,
  "EventSeverity": 1073741824,
  "EventType": 4,
  "EventCategory": 0,
  "Computername": "N-1A9ODN6ZXK4LQ",
  "UserSid": null,
  "Strings": [
    "Telephony",
    "running"
  ],
  "Data": "",
  "_source": "4Dell+Latitude+CPi.E01",
  "_classification": null,
  "_generated": "2025-04-19T01:37:26.794691+00:00",
  "_version": 1
}
{
  "hostname": "N-1A9ODN6ZXK4LQ",
  "domain": null,
  "ts": "2004-08-20T15:25:37+00:00",
  "TimeGenerated": "2004-08-20T15:25:37+00:00",
  "TimeWritten": "2004-08-20T15:25:37+00:00",
  "SourceName": "Service Control Manager",
  "EventID": 1073748859,
  "EventCode": 7035,
  "EventFacility": 0,
  "EventCustomerFlag": 0,
  "EventSeverity": 1073741824,
  "EventType": 4,
  "EventCategory": 0,
  "Computername": "N-1A9ODN6ZXK4LQ",
  "UserSid": null,
  "Strings": [
    "Remote Access Connection Manager",
    "start"
  ],
  "Data": "",
  "_source": "4Dell+Latitude+CPi.E01",
  "_classification": null,
  "_generated": "2025-04-19T01:37:26.794805+00:00",
  "_version": 1
}
{
  "hostname": "N-1A9ODN6ZXK4LQ",
  "domain": null,
  "ts": "2004-08-20T15:25:40+00:00",
  "TimeGenerated": "2004-08-20T15:25:40+00:00",
  "TimeWritten": "2004-08-20T15:25:40+00:00",
  "SourceName": "Service Control Manager",
  "EventID": 1073748860,
  "EventCode": 7036,
  "EventFacility": 0,
  "EventCustomerFlag": 0,
  "EventSeverity": 1073741824,
  "EventType": 4,
  "EventCategory": 0,
  "Computername": "N-1A9ODN6ZXK4LQ",
  "UserSid": null,
  "Strings": [
    "Remote Access Connection Manager",
    "running"
  ],
  "Data": "",
  "_source": "4Dell+Latitude+CPi.E01",
  "_classification": null,
  "_generated": "2025-04-19T01:37:26.794920+00:00",
  "_version": 1
}
{
  "hostname": "N-1A9ODN6ZXK4LQ",
  "domain": null,
  "ts": "2004-08-20T15:25:40+00:00",
  "TimeGenerated": "2004-08-20T15:25:40+00:00",
  "TimeWritten": "2004-08-20T15:25:40+00:00",
  "SourceName": "Service Control Manager",
  "EventID": 1073748859,
  "EventCode": 7035,
  "EventFacility": 0,
  "EventCustomerFlag": 0,
  "EventSeverity": 1073741824,
  "EventType": 4,
  "EventCategory": 0,
  "Computername": "N-1A9ODN6ZXK4LQ",
  "UserSid": null,
  "Strings": [
    "Remote Access Auto Connection Manager",
    "start"
  ],
  "Data": "",
  "_source": "4Dell+Latitude+CPi.E01",
  "_classification": null,
  "_generated": "2025-04-19T01:37:26.795044+00:00",
  "_version": 1
}
{
  "hostname": "N-1A9ODN6ZXK4LQ",
  "domain": null,
  "ts": "2004-08-20T15:25:40+00:00",
  "TimeGenerated": "2004-08-20T15:25:40+00:00",
  "TimeWritten": "2004-08-20T15:25:40+00:00",
  "SourceName": "Service Control Manager",
  "EventID": 1073748860,
  "EventCode": 7036,
  "EventFacility": 0,
  "EventCustomerFlag": 0,
  "EventSeverity": 1073741824,
  "EventType": 4,
  "EventCategory": 0,
  "Computername": "N-1A9ODN6ZXK4LQ",
  "UserSid": null,
  "Strings": [
    "Remote Access Auto Connection Manager",
    "running"
  ],
  "Data": "",
  "_source": "4Dell+Latitude+CPi.E01",
  "_classification": null,
  "_generated": "2025-04-19T01:37:26.795151+00:00",
  "_version": 1
}
{
  "hostname": "N-1A9ODN6ZXK4LQ",
  "domain": null,
  "ts": "2004-08-20T15:26:31+00:00",
  "TimeGenerated": "2004-08-20T15:26:31+00:00",
  "TimeWritten": "2004-08-20T15:26:31+00:00",
  "SourceName": "W32Time",
  "EventID": 2186936337,
  "EventCode": 17,
  "EventFacility": 39452672,
  "EventCustomerFlag": 0,
  "EventSeverity": 2147483648,
  "EventType": 1,
  "EventCategory": 0,
  "Computername": "N-1A9ODN6ZXK4LQ",
  "UserSid": null,
  "Strings": [
    "time.windows.com,0x1",
    "A socket operation was attempted to an unreachable host. (0x80072751)",
    "15"
  ],
  "Data": "",
  "_source": "4Dell+Latitude+CPi.E01",
  "_classification": null,
  "_generated": "2025-04-19T01:37:26.795278+00:00",
  "_version": 1
}
{
  "hostname": "N-1A9ODN6ZXK4LQ",
  "domain": null,
  "ts": "2004-08-20T15:26:31+00:00",
  "TimeGenerated": "2004-08-20T15:26:31+00:00",
  "TimeWritten": "2004-08-20T15:26:31+00:00",
  "SourceName": "W32Time",
  "EventID": 3260678173,
  "EventCode": 29,
  "EventFacility": 39452672,
  "EventCustomerFlag": 0,
  "EventSeverity": 3221225472,
  "EventType": 1,
  "EventCategory": 0,
  "Computername": "N-1A9ODN6ZXK4LQ",
  "UserSid": null,
  "Strings": [
    "14"
  ],
  "Data": "",
  "_source": "4Dell+Latitude+CPi.E01",
  "_classification": null,
  "_generated": "2025-04-19T01:37:26.795345+00:00",
  "_version": 1
}
{
  "hostname": "N-1A9ODN6ZXK4LQ",
  "domain": null,
  "ts": "2004-08-20T15:26:31+00:00",
  "TimeGenerated": "2004-08-20T15:26:31+00:00",
  "TimeWritten": "2004-08-20T15:26:31+00:00",
  "SourceName": "BROWSER",
  "EventID": 1073749857,
  "EventCode": 8033,
  "EventFacility": 0,
  "EventCustomerFlag": 0,
  "EventSeverity": 1073741824,
  "EventType": 4,
  "EventCategory": 0,
  "Computername": "N-1A9ODN6ZXK4LQ",
  "UserSid": null,
  "Strings": [
    "\\Device\\NetBT_Tcpip_{6E4090C2-FAEF-489A-8575-505D21FC1049}"
  ],
  "Data": "",
  "_source": "4Dell+Latitude+CPi.E01",
  "_classification": null,
  "_generated": "2025-04-19T01:37:26.795452+00:00",
  "_version": 1
}
{
  "hostname": "N-1A9ODN6ZXK4LQ",
  "domain": null,
  "ts": "2004-08-20T15:23:13+00:00",
  "TimeGenerated": "2004-08-20T15:23:13+00:00",
  "TimeWritten": "2004-08-20T15:23:13+00:00",
  "SourceName": "W32Time",
  "EventID": 1113194531,
  "EventCode": 35,
  "EventFacility": 39452672,
  "EventCustomerFlag": 0,
  "EventSeverity": 1073741824,
  "EventType": 4,
  "EventCategory": 0,
  "Computername": "N-1A9ODN6ZXK4LQ",
  "UserSid": null,
  "Strings": [
    "time.windows.com (ntp.m|0x1|192.168.1.111:123->207.46.130.100:123)"
  ],
  "Data": "",
  "_source": "4Dell+Latitude+CPi.E01",
  "_classification": null,
  "_generated": "2025-04-19T01:37:26.795555+00:00",
  "_version": 1
}
{
  "hostname": "N-1A9ODN6ZXK4LQ",
  "domain": null,
  "ts": "2004-08-20T16:20:03+00:00",
  "TimeGenerated": "2004-08-20T16:20:03+00:00",
  "TimeWritten": "2004-08-20T16:20:03+00:00",
  "SourceName": "W32Time",
  "EventID": 2186936356,
  "EventCode": 36,
  "EventFacility": 39452672,
  "EventCustomerFlag": 0,
  "EventSeverity": 2147483648,
  "EventType": 2,
  "EventCategory": 0,
  "Computername": "N-1A9ODN6ZXK4LQ",
  "UserSid": null,
  "Strings": [
    "49152"
  ],
  "Data": "",
  "_source": "4Dell+Latitude+CPi.E01",
  "_classification": null,
  "_generated": "2025-04-19T01:37:26.795635+00:00",
  "_version": 1
}
{
  "hostname": "N-1A9ODN6ZXK4LQ",
  "domain": null,
  "ts": "2004-08-20T19:02:04+00:00",
  "TimeGenerated": "2004-08-20T19:02:04+00:00",
  "TimeWritten": "2004-08-20T19:02:04+00:00",
  "SourceName": "PlugPlayManager",
  "EventID": 2147483904,
  "EventCode": 256,
  "EventFacility": 0,
  "EventCustomerFlag": 0,
  "EventSeverity": 2147483648,
  "EventType": 2,
  "EventCategory": 0,
  "Computername": "N-1A9ODN6ZXK4LQ",
  "UserSid": null,
  "Strings": [
    "Connections Tray"
  ],
  "Data": "",
  "_source": "4Dell+Latitude+CPi.E01",
  "_classification": null,
  "_generated": "2025-04-19T01:37:26.795718+00:00",
  "_version": 1
}
{
  "hostname": "N-1A9ODN6ZXK4LQ",
  "domain": null,
  "ts": "2004-08-20T21:28:26+00:00",
  "TimeGenerated": "2004-08-20T21:28:26+00:00",
  "TimeWritten": "2004-08-20T21:28:26+00:00",
  "SourceName": "EventLog",
  "EventID": 2147489654,
  "EventCode": 6006,
  "EventFacility": 0,
  "EventCustomerFlag": 0,
  "EventSeverity": 2147483648,
  "EventType": 4,
  "EventCategory": 0,
  "Computername": "N-1A9ODN6ZXK4LQ",
  "UserSid": null,
  "Strings": [],
  "Data": "/wAAAA==",
  "_source": "4Dell+Latitude+CPi.E01",
  "_classification": null,
  "_generated": "2025-04-19T01:37:26.795783+00:00",
  "_version": 1
}
{
  "hostname": "N-1A9ODN6ZXK4LQ",
  "domain": null,
  "ts": "2004-08-25T15:22:00+00:00",
  "TimeGenerated": "2004-08-25T15:22:00+00:00",
  "TimeWritten": "2004-08-25T15:22:00+00:00",
  "SourceName": "EventLog",
  "EventID": 2147489657,
  "EventCode": 6009,
  "EventFacility": 0,
  "EventCustomerFlag": 0,
  "EventSeverity": 2147483648,
  "EventType": 4,
  "EventCategory": 0,
  "Computername": "N-1A9ODN6ZXK4LQ",
  "UserSid": null,
  "Strings": [
    "5.01.",
    "2600",
    "",
    "Uniprocessor Free"
  ],
  "Data": "",
  "_source": "4Dell+Latitude+CPi.E01",
  "_classification": null,
  "_generated": "2025-04-19T01:37:26.795895+00:00",
  "_version": 1
}
{
  "hostname": "N-1A9ODN6ZXK4LQ",
  "domain": null,
  "ts": "2004-08-25T15:22:00+00:00",
  "TimeGenerated": "2004-08-25T15:22:00+00:00",
  "TimeWritten": "2004-08-25T15:22:00+00:00",
  "SourceName": "EventLog",
  "EventID": 2147489653,
  "EventCode": 6005,
  "EventFacility": 0,
  "EventCustomerFlag": 0,
  "EventSeverity": 2147483648,
  "EventType": 4,
  "EventCategory": 0,
  "Computername": "N-1A9ODN6ZXK4LQ",
  "UserSid": null,
  "Strings": [],
  "Data": "",
  "_source": "4Dell+Latitude+CPi.E01",
  "_classification": null,
  "_generated": "2025-04-19T01:37:26.795963+00:00",
  "_version": 1
}
{
  "hostname": "N-1A9ODN6ZXK4LQ",
  "domain": null,
  "ts": "2004-08-25T15:21:57+00:00",
  "TimeGenerated": "2004-08-25T15:21:57+00:00",
  "TimeWritten": "2004-08-25T15:22:27+00:00",
  "SourceName": "Tcpip",
  "EventID": 1073746025,
  "EventCode": 4201,
  "EventFacility": 0,
  "EventCustomerFlag": 0,
  "EventSeverity": 1073741824,
  "EventType": 4,
  "EventCategory": 0,
  "Computername": "N-1A9ODN6ZXK4LQ",
  "UserSid": null,
  "Strings": [
    "",
    "\\DEVICE\\TCPIP_{6E4090C2-FAEF-489A-8575-505D21FC1049}"
  ],
  "Data": "AAAAAAIAUAAAAAAAaRAAQAIAAAAAAAAAAAAAAAAAAAAAAAAAAAAAAA==",
  "_source": "4Dell+Latitude+CPi.E01",
  "_classification": null,
  "_generated": "2025-04-19T01:37:26.796065+00:00",
  "_version": 1
}
{
  "hostname": "N-1A9ODN6ZXK4LQ",
  "domain": null,
  "ts": "2004-08-25T15:23:40+00:00",
  "TimeGenerated": "2004-08-25T15:23:40+00:00",
  "TimeWritten": "2004-08-25T15:23:40+00:00",
  "SourceName": "Service Control Manager",
  "EventID": 1073748859,
  "EventCode": 7035,
  "EventFacility": 0,
  "EventCustomerFlag": 0,
  "EventSeverity": 1073741824,
  "EventType": 4,
  "EventCategory": 0,
  "Computername": "N-1A9ODN6ZXK4LQ",
  "UserSid": null,
  "Strings": [
    "Terminal Services",
    "start"
  ],
  "Data": "",
  "_source": "4Dell+Latitude+CPi.E01",
  "_classification": null,
  "_generated": "2025-04-19T01:37:26.796165+00:00",
  "_version": 1
}
{
  "hostname": "N-1A9ODN6ZXK4LQ",
  "domain": null,
  "ts": "2004-08-25T15:23:40+00:00",
  "TimeGenerated": "2004-08-25T15:23:40+00:00",
  "TimeWritten": "2004-08-25T15:23:40+00:00",
  "SourceName": "Service Control Manager",
  "EventID": 1073748860,
  "EventCode": 7036,
  "EventFacility": 0,
  "EventCustomerFlag": 0,
  "EventSeverity": 1073741824,
  "EventType": 4,
  "EventCategory": 0,
  "Computername": "N-1A9ODN6ZXK4LQ",
  "UserSid": null,
  "Strings": [
    "Terminal Services",
    "running"
  ],
  "Data": "",
  "_source": "4Dell+Latitude+CPi.E01",
  "_classification": null,
  "_generated": "2025-04-19T01:37:26.796268+00:00",
  "_version": 1
}
{
  "hostname": "N-1A9ODN6ZXK4LQ",
  "domain": null,
  "ts": "2004-08-25T15:23:40+00:00",
  "TimeGenerated": "2004-08-25T15:23:40+00:00",
  "TimeWritten": "2004-08-25T15:23:40+00:00",
  "SourceName": "Service Control Manager",
  "EventID": 1073748859,
  "EventCode": 7035,
  "EventFacility": 0,
  "EventCustomerFlag": 0,
  "EventSeverity": 1073741824,
  "EventType": 4,
  "EventCategory": 0,
  "Computername": "N-1A9ODN6ZXK4LQ",
  "UserSid": null,
  "Strings": [
    "Fast User Switching Compatibility",
    "start"
  ],
  "Data": "",
  "_source": "4Dell+Latitude+CPi.E01",
  "_classification": null,
  "_generated": "2025-04-19T01:37:26.796382+00:00",
  "_version": 1
}
{
  "hostname": "N-1A9ODN6ZXK4LQ",
  "domain": null,
  "ts": "2004-08-25T15:23:40+00:00",
  "TimeGenerated": "2004-08-25T15:23:40+00:00",
  "TimeWritten": "2004-08-25T15:23:40+00:00",
  "SourceName": "Service Control Manager",
  "EventID": 1073748859,
  "EventCode": 7035,
  "EventFacility": 0,
  "EventCustomerFlag": 0,
  "EventSeverity": 1073741824,
  "EventType": 4,
  "EventCategory": 0,
  "Computername": "N-1A9ODN6ZXK4LQ",
  "UserSid": null,
  "Strings": [
    "Network Connections",
    "start"
  ],
  "Data": "",
  "_source": "4Dell+Latitude+CPi.E01",
  "_classification": null,
  "_generated": "2025-04-19T01:37:26.796488+00:00",
  "_version": 1
}
{
  "hostname": "N-1A9ODN6ZXK4LQ",
  "domain": null,
  "ts": "2004-08-25T15:23:40+00:00",
  "TimeGenerated": "2004-08-25T15:23:40+00:00",
  "TimeWritten": "2004-08-25T15:23:40+00:00",
  "SourceName": "Service Control Manager",
  "EventID": 1073748860,
  "EventCode": 7036,
  "EventFacility": 0,
  "EventCustomerFlag": 0,
  "EventSeverity": 1073741824,
  "EventType": 4,
  "EventCategory": 0,
  "Computername": "N-1A9ODN6ZXK4LQ",
  "UserSid": null,
  "Strings": [
    "Fast User Switching Compatibility",
    "running"
  ],
  "Data": "",
  "_source": "4Dell+Latitude+CPi.E01",
  "_classification": null,
  "_generated": "2025-04-19T01:37:26.796593+00:00",
  "_version": 1
}
{
  "hostname": "N-1A9ODN6ZXK4LQ",
  "domain": null,
  "ts": "2004-08-25T15:23:40+00:00",
  "TimeGenerated": "2004-08-25T15:23:40+00:00",
  "TimeWritten": "2004-08-25T15:23:40+00:00",
  "SourceName": "Service Control Manager",
  "EventID": 1073748860,
  "EventCode": 7036,
  "EventFacility": 0,
  "EventCustomerFlag": 0,
  "EventSeverity": 1073741824,
  "EventType": 4,
  "EventCategory": 0,
  "Computername": "N-1A9ODN6ZXK4LQ",
  "UserSid": null,
  "Strings": [
    "Network Connections",
    "running"
  ],
  "Data": "",
  "_source": "4Dell+Latitude+CPi.E01",
  "_classification": null,
  "_generated": "2025-04-19T01:37:26.796702+00:00",
  "_version": 1
}
{
  "hostname": "N-1A9ODN6ZXK4LQ",
  "domain": null,
  "ts": "2004-08-25T15:23:40+00:00",
  "TimeGenerated": "2004-08-25T15:23:40+00:00",
  "TimeWritten": "2004-08-25T15:23:40+00:00",
  "SourceName": "Service Control Manager",
  "EventID": 1073748859,
  "EventCode": 7035,
  "EventFacility": 0,
  "EventCustomerFlag": 0,
  "EventSeverity": 1073741824,
  "EventType": 4,
  "EventCategory": 0,
  "Computername": "N-1A9ODN6ZXK4LQ",
  "UserSid": null,
  "Strings": [
    "SSDP Discovery Service",
    "start"
  ],
  "Data": "",
  "_source": "4Dell+Latitude+CPi.E01",
  "_classification": null,
  "_generated": "2025-04-19T01:37:26.796812+00:00",
  "_version": 1
}
{
  "hostname": "N-1A9ODN6ZXK4LQ",
  "domain": null,
  "ts": "2004-08-25T15:23:40+00:00",
  "TimeGenerated": "2004-08-25T15:23:40+00:00",
  "TimeWritten": "2004-08-25T15:23:40+00:00",
  "SourceName": "Service Control Manager",
  "EventID": 1073748860,
  "EventCode": 7036,
  "EventFacility": 0,
  "EventCustomerFlag": 0,
  "EventSeverity": 1073741824,
  "EventType": 4,
  "EventCategory": 0,
  "Computername": "N-1A9ODN6ZXK4LQ",
  "UserSid": null,
  "Strings": [
    "SSDP Discovery Service",
    "running"
  ],
  "Data": "",
  "_source": "4Dell+Latitude+CPi.E01",
  "_classification": null,
  "_generated": "2025-04-19T01:37:26.796921+00:00",
  "_version": 1
}
{
  "hostname": "N-1A9ODN6ZXK4LQ",
  "domain": null,
  "ts": "2004-08-25T15:23:40+00:00",
  "TimeGenerated": "2004-08-25T15:23:40+00:00",
  "TimeWritten": "2004-08-25T15:23:40+00:00",
  "SourceName": "Service Control Manager",
  "EventID": 1073748859,
  "EventCode": 7035,
  "EventFacility": 0,
  "EventCustomerFlag": 0,
  "EventSeverity": 1073741824,
  "EventType": 4,
  "EventCategory": 0,
  "Computername": "N-1A9ODN6ZXK4LQ",
  "UserSid": null,
  "Strings": [
    "Network Location Awareness (NLA)",
    "start"
  ],
  "Data": "",
  "_source": "4Dell+Latitude+CPi.E01",
  "_classification": null,
  "_generated": "2025-04-19T01:37:26.797032+00:00",
  "_version": 1
}
{
  "hostname": "N-1A9ODN6ZXK4LQ",
  "domain": null,
  "ts": "2004-08-25T15:23:40+00:00",
  "TimeGenerated": "2004-08-25T15:23:40+00:00",
  "TimeWritten": "2004-08-25T15:23:40+00:00",
  "SourceName": "Service Control Manager",
  "EventID": 1073748860,
  "EventCode": 7036,
  "EventFacility": 0,
  "EventCustomerFlag": 0,
  "EventSeverity": 1073741824,
  "EventType": 4,
  "EventCategory": 0,
  "Computername": "N-1A9ODN6ZXK4LQ",
  "UserSid": null,
  "Strings": [
    "Network Location Awareness (NLA)",
    "running"
  ],
  "Data": "",
  "_source": "4Dell+Latitude+CPi.E01",
  "_classification": null,
  "_generated": "2025-04-19T01:37:26.797136+00:00",
  "_version": 1
}
{
  "hostname": "N-1A9ODN6ZXK4LQ",
  "domain": null,
  "ts": "2004-08-25T15:23:40+00:00",
  "TimeGenerated": "2004-08-25T15:23:40+00:00",
  "TimeWritten": "2004-08-25T15:23:40+00:00",
  "SourceName": "Service Control Manager",
  "EventID": 1073748860,
  "EventCode": 7036,
  "EventFacility": 0,
  "EventCustomerFlag": 0,
  "EventSeverity": 1073741824,
  "EventType": 4,
  "EventCategory": 0,
  "Computername": "N-1A9ODN6ZXK4LQ",
  "UserSid": null,
  "Strings": [
    "Telephony",
    "running"
  ],
  "Data": "",
  "_source": "4Dell+Latitude+CPi.E01",
  "_classification": null,
  "_generated": "2025-04-19T01:37:26.797234+00:00",
  "_version": 1
}
{
  "hostname": "N-1A9ODN6ZXK4LQ",
  "domain": null,
  "ts": "2004-08-25T15:23:40+00:00",
  "TimeGenerated": "2004-08-25T15:23:40+00:00",
  "TimeWritten": "2004-08-25T15:23:40+00:00",
  "SourceName": "Service Control Manager",
  "EventID": 1073748859,
  "EventCode": 7035,
  "EventFacility": 0,
  "EventCustomerFlag": 0,
  "EventSeverity": 1073741824,
  "EventType": 4,
  "EventCategory": 0,
  "Computername": "N-1A9ODN6ZXK4LQ",
  "UserSid": null,
  "Strings": [
    "Remote Access Connection Manager",
    "start"
  ],
  "Data": "",
  "_source": "4Dell+Latitude+CPi.E01",
  "_classification": null,
  "_generated": "2025-04-19T01:37:26.797348+00:00",
  "_version": 1
}
{
  "hostname": "N-1A9ODN6ZXK4LQ",
  "domain": null,
  "ts": "2004-08-25T15:23:40+00:00",
  "TimeGenerated": "2004-08-25T15:23:40+00:00",
  "TimeWritten": "2004-08-25T15:23:40+00:00",
  "SourceName": "Service Control Manager",
  "EventID": 1073748860,
  "EventCode": 7036,
  "EventFacility": 0,
  "EventCustomerFlag": 0,
  "EventSeverity": 1073741824,
  "EventType": 4,
  "EventCategory": 0,
  "Computername": "N-1A9ODN6ZXK4LQ",
  "UserSid": null,
  "Strings": [
    "Remote Access Connection Manager",
    "running"
  ],
  "Data": "",
  "_source": "4Dell+Latitude+CPi.E01",
  "_classification": null,
  "_generated": "2025-04-19T01:37:26.797464+00:00",
  "_version": 1
}
{
  "hostname": "N-1A9ODN6ZXK4LQ",
  "domain": null,
  "ts": "2004-08-25T15:23:40+00:00",
  "TimeGenerated": "2004-08-25T15:23:40+00:00",
  "TimeWritten": "2004-08-25T15:23:40+00:00",
  "SourceName": "Service Control Manager",
  "EventID": 1073748859,
  "EventCode": 7035,
  "EventFacility": 0,
  "EventCustomerFlag": 0,
  "EventSeverity": 1073741824,
  "EventType": 4,
  "EventCategory": 0,
  "Computername": "N-1A9ODN6ZXK4LQ",
  "UserSid": null,
  "Strings": [
    "Remote Access Auto Connection Manager",
    "start"
  ],
  "Data": "",
  "_source": "4Dell+Latitude+CPi.E01",
  "_classification": null,
  "_generated": "2025-04-19T01:37:26.797570+00:00",
  "_version": 1
}
{
  "hostname": "N-1A9ODN6ZXK4LQ",
  "domain": null,
  "ts": "2004-08-25T15:23:40+00:00",
  "TimeGenerated": "2004-08-25T15:23:40+00:00",
  "TimeWritten": "2004-08-25T15:23:40+00:00",
  "SourceName": "Service Control Manager",
  "EventID": 1073748860,
  "EventCode": 7036,
  "EventFacility": 0,
  "EventCustomerFlag": 0,
  "EventSeverity": 1073741824,
  "EventType": 4,
  "EventCategory": 0,
  "Computername": "N-1A9ODN6ZXK4LQ",
  "UserSid": null,
  "Strings": [
    "Remote Access Auto Connection Manager",
    "running"
  ],
  "Data": "",
  "_source": "4Dell+Latitude+CPi.E01",
  "_classification": null,
  "_generated": "2025-04-19T01:37:26.797679+00:00",
  "_version": 1
}
{
  "hostname": "N-1A9ODN6ZXK4LQ",
  "domain": null,
  "ts": "2004-08-25T16:22:30+00:00",
  "TimeGenerated": "2004-08-25T16:22:30+00:00",
  "TimeWritten": "2004-08-25T16:22:30+00:00",
  "SourceName": "Win32k",
  "EventID": 2147483888,
  "EventCode": 240,
  "EventFacility": 0,
  "EventCustomerFlag": 0,
  "EventSeverity": 2147483648,
  "EventType": 2,
  "EventCategory": 0,
  "Computername": "N-1A9ODN6ZXK4LQ",
  "UserSid": null,
  "Strings": [
    "",
    "winlogon.exe"
  ],
  "Data": "AAAAAAIATgAAAAAA8AAAgAAAAAAAAAAAAAAAAAAAAAAAAAAAAAAAAA==",
  "_source": "4Dell+Latitude+CPi.E01",
  "_classification": null,
  "_generated": "2025-04-19T01:37:26.797768+00:00",
  "_version": 1
}
{
  "hostname": "N-1A9ODN6ZXK4LQ",
  "domain": null,
  "ts": "2004-08-25T16:22:35+00:00",
  "TimeGenerated": "2004-08-25T16:22:35+00:00",
  "TimeWritten": "2004-08-25T16:22:35+00:00",
  "SourceName": "EventLog",
  "EventID": 2147489654,
  "EventCode": 6006,
  "EventFacility": 0,
  "EventCustomerFlag": 0,
  "EventSeverity": 2147483648,
  "EventType": 4,
  "EventCategory": 0,
  "Computername": "N-1A9ODN6ZXK4LQ",
  "UserSid": null,
  "Strings": [],
  "Data": "/wAAAA==",
  "_source": "4Dell+Latitude+CPi.E01",
  "_classification": null,
  "_generated": "2025-04-19T01:37:26.797832+00:00",
  "_version": 1
}
{
  "hostname": "N-1A9ODN6ZXK4LQ",
  "domain": null,
  "ts": "2004-08-26T14:58:04+00:00",
  "TimeGenerated": "2004-08-26T14:58:04+00:00",
  "TimeWritten": "2004-08-26T14:58:04+00:00",
  "SourceName": "EventLog",
  "EventID": 2147489657,
  "EventCode": 6009,
  "EventFacility": 0,
  "EventCustomerFlag": 0,
  "EventSeverity": 2147483648,
  "EventType": 4,
  "EventCategory": 0,
  "Computername": "N-1A9ODN6ZXK4LQ",
  "UserSid": null,
  "Strings": [
    "5.01.",
    "2600",
    "",
    "Uniprocessor Free"
  ],
  "Data": "",
  "_source": "4Dell+Latitude+CPi.E01",
  "_classification": null,
  "_generated": "2025-04-19T01:37:26.797945+00:00",
  "_version": 1
}
{
  "hostname": "N-1A9ODN6ZXK4LQ",
  "domain": null,
  "ts": "2004-08-26T14:58:04+00:00",
  "TimeGenerated": "2004-08-26T14:58:04+00:00",
  "TimeWritten": "2004-08-26T14:58:04+00:00",
  "SourceName": "EventLog",
  "EventID": 2147489653,
  "EventCode": 6005,
  "EventFacility": 0,
  "EventCustomerFlag": 0,
  "EventSeverity": 2147483648,
  "EventType": 4,
  "EventCategory": 0,
  "Computername": "N-1A9ODN6ZXK4LQ",
  "UserSid": null,
  "Strings": [],
  "Data": "",
  "_source": "4Dell+Latitude+CPi.E01",
  "_classification": null,
  "_generated": "2025-04-19T01:37:26.798007+00:00",
  "_version": 1
}
{
  "hostname": "N-1A9ODN6ZXK4LQ",
  "domain": null,
  "ts": "2004-08-26T14:58:03+00:00",
  "TimeGenerated": "2004-08-26T14:58:03+00:00",
  "TimeWritten": "2004-08-26T14:58:33+00:00",
  "SourceName": "Tcpip",
  "EventID": 1073746025,
  "EventCode": 4201,
  "EventFacility": 0,
  "EventCustomerFlag": 0,
  "EventSeverity": 1073741824,
  "EventType": 4,
  "EventCategory": 0,
  "Computername": "N-1A9ODN6ZXK4LQ",
  "UserSid": null,
  "Strings": [
    "",
    "\\DEVICE\\TCPIP_{6E4090C2-FAEF-489A-8575-505D21FC1049}"
  ],
  "Data": "AAAAAAIAUAAAAAAAaRAAQAIAAAAAAAAAAAAAAAAAAAAAAAAAAAAAAA==",
  "_source": "4Dell+Latitude+CPi.E01",
  "_classification": null,
  "_generated": "2025-04-19T01:37:26.798104+00:00",
  "_version": 1
}
{
  "hostname": "N-1A9ODN6ZXK4LQ",
  "domain": null,
  "ts": "2004-08-26T14:59:45+00:00",
  "TimeGenerated": "2004-08-26T14:59:45+00:00",
  "TimeWritten": "2004-08-26T14:59:45+00:00",
  "SourceName": "Service Control Manager",
  "EventID": 1073748860,
  "EventCode": 7036,
  "EventFacility": 0,
  "EventCustomerFlag": 0,
  "EventSeverity": 1073741824,
  "EventType": 4,
  "EventCategory": 0,
  "Computername": "N-1A9ODN6ZXK4LQ",
  "UserSid": null,
  "Strings": [
    "Terminal Services",
    "running"
  ],
  "Data": "",
  "_source": "4Dell+Latitude+CPi.E01",
  "_classification": null,
  "_generated": "2025-04-19T01:37:26.798203+00:00",
  "_version": 1
}
{
  "hostname": "N-1A9ODN6ZXK4LQ",
  "domain": null,
  "ts": "2004-08-26T14:59:45+00:00",
  "TimeGenerated": "2004-08-26T14:59:45+00:00",
  "TimeWritten": "2004-08-26T14:59:45+00:00",
  "SourceName": "Service Control Manager",
  "EventID": 1073748859,
  "EventCode": 7035,
  "EventFacility": 0,
  "EventCustomerFlag": 0,
  "EventSeverity": 1073741824,
  "EventType": 4,
  "EventCategory": 0,
  "Computername": "N-1A9ODN6ZXK4LQ",
  "UserSid": null,
  "Strings": [
    "Fast User Switching Compatibility",
    "start"
  ],
  "Data": "",
  "_source": "4Dell+Latitude+CPi.E01",
  "_classification": null,
  "_generated": "2025-04-19T01:37:26.798319+00:00",
  "_version": 1
}
{
  "hostname": "N-1A9ODN6ZXK4LQ",
  "domain": null,
  "ts": "2004-08-26T14:59:45+00:00",
  "TimeGenerated": "2004-08-26T14:59:45+00:00",
  "TimeWritten": "2004-08-26T14:59:45+00:00",
  "SourceName": "Service Control Manager",
  "EventID": 1073748859,
  "EventCode": 7035,
  "EventFacility": 0,
  "EventCustomerFlag": 0,
  "EventSeverity": 1073741824,
  "EventType": 4,
  "EventCategory": 0,
  "Computername": "N-1A9ODN6ZXK4LQ",
  "UserSid": null,
  "Strings": [
    "Network Connections",
    "start"
  ],
  "Data": "",
  "_source": "4Dell+Latitude+CPi.E01",
  "_classification": null,
  "_generated": "2025-04-19T01:37:26.798426+00:00",
  "_version": 1
}
{
  "hostname": "N-1A9ODN6ZXK4LQ",
  "domain": null,
  "ts": "2004-08-26T14:59:45+00:00",
  "TimeGenerated": "2004-08-26T14:59:45+00:00",
  "TimeWritten": "2004-08-26T14:59:45+00:00",
  "SourceName": "Service Control Manager",
  "EventID": 1073748860,
  "EventCode": 7036,
  "EventFacility": 0,
  "EventCustomerFlag": 0,
  "EventSeverity": 1073741824,
  "EventType": 4,
  "EventCategory": 0,
  "Computername": "N-1A9ODN6ZXK4LQ",
  "UserSid": null,
  "Strings": [
    "Fast User Switching Compatibility",
    "running"
  ],
  "Data": "",
  "_source": "4Dell+Latitude+CPi.E01",
  "_classification": null,
  "_generated": "2025-04-19T01:37:26.798533+00:00",
  "_version": 1
}
{
  "hostname": "N-1A9ODN6ZXK4LQ",
  "domain": null,
  "ts": "2004-08-26T14:59:45+00:00",
  "TimeGenerated": "2004-08-26T14:59:45+00:00",
  "TimeWritten": "2004-08-26T14:59:45+00:00",
  "SourceName": "Service Control Manager",
  "EventID": 1073748860,
  "EventCode": 7036,
  "EventFacility": 0,
  "EventCustomerFlag": 0,
  "EventSeverity": 1073741824,
  "EventType": 4,
  "EventCategory": 0,
  "Computername": "N-1A9ODN6ZXK4LQ",
  "UserSid": null,
  "Strings": [
    "Network Connections",
    "running"
  ],
  "Data": "",
  "_source": "4Dell+Latitude+CPi.E01",
  "_classification": null,
  "_generated": "2025-04-19T01:37:26.798626+00:00",
  "_version": 1
}
{
  "hostname": "N-1A9ODN6ZXK4LQ",
  "domain": null,
  "ts": "2004-08-26T14:59:45+00:00",
  "TimeGenerated": "2004-08-26T14:59:45+00:00",
  "TimeWritten": "2004-08-26T14:59:45+00:00",
  "SourceName": "Service Control Manager",
  "EventID": 1073748859,
  "EventCode": 7035,
  "EventFacility": 0,
  "EventCustomerFlag": 0,
  "EventSeverity": 1073741824,
  "EventType": 4,
  "EventCategory": 0,
  "Computername": "N-1A9ODN6ZXK4LQ",
  "UserSid": null,
  "Strings": [
    "SSDP Discovery Service",
    "start"
  ],
  "Data": "",
  "_source": "4Dell+Latitude+CPi.E01",
  "_classification": null,
  "_generated": "2025-04-19T01:37:26.798732+00:00",
  "_version": 1
}
{
  "hostname": "N-1A9ODN6ZXK4LQ",
  "domain": null,
  "ts": "2004-08-26T14:59:45+00:00",
  "TimeGenerated": "2004-08-26T14:59:45+00:00",
  "TimeWritten": "2004-08-26T14:59:45+00:00",
  "SourceName": "Service Control Manager",
  "EventID": 1073748860,
  "EventCode": 7036,
  "EventFacility": 0,
  "EventCustomerFlag": 0,
  "EventSeverity": 1073741824,
  "EventType": 4,
  "EventCategory": 0,
  "Computername": "N-1A9ODN6ZXK4LQ",
  "UserSid": null,
  "Strings": [
    "SSDP Discovery Service",
    "running"
  ],
  "Data": "",
  "_source": "4Dell+Latitude+CPi.E01",
  "_classification": null,
  "_generated": "2025-04-19T01:37:26.798837+00:00",
  "_version": 1
}
{
  "hostname": "N-1A9ODN6ZXK4LQ",
  "domain": null,
  "ts": "2004-08-26T14:59:45+00:00",
  "TimeGenerated": "2004-08-26T14:59:45+00:00",
  "TimeWritten": "2004-08-26T14:59:45+00:00",
  "SourceName": "Service Control Manager",
  "EventID": 1073748859,
  "EventCode": 7035,
  "EventFacility": 0,
  "EventCustomerFlag": 0,
  "EventSeverity": 1073741824,
  "EventType": 4,
  "EventCategory": 0,
  "Computername": "N-1A9ODN6ZXK4LQ",
  "UserSid": null,
  "Strings": [
    "Network Location Awareness (NLA)",
    "start"
  ],
  "Data": "",
  "_source": "4Dell+Latitude+CPi.E01",
  "_classification": null,
  "_generated": "2025-04-19T01:37:26.798953+00:00",
  "_version": 1
}
{
  "hostname": "N-1A9ODN6ZXK4LQ",
  "domain": null,
  "ts": "2004-08-26T14:59:45+00:00",
  "TimeGenerated": "2004-08-26T14:59:45+00:00",
  "TimeWritten": "2004-08-26T14:59:45+00:00",
  "SourceName": "Service Control Manager",
  "EventID": 1073748860,
  "EventCode": 7036,
  "EventFacility": 0,
  "EventCustomerFlag": 0,
  "EventSeverity": 1073741824,
  "EventType": 4,
  "EventCategory": 0,
  "Computername": "N-1A9ODN6ZXK4LQ",
  "UserSid": null,
  "Strings": [
    "Network Location Awareness (NLA)",
    "running"
  ],
  "Data": "",
  "_source": "4Dell+Latitude+CPi.E01",
  "_classification": null,
  "_generated": "2025-04-19T01:37:26.799060+00:00",
  "_version": 1
}
{
  "hostname": "N-1A9ODN6ZXK4LQ",
  "domain": null,
  "ts": "2004-08-26T14:59:45+00:00",
  "TimeGenerated": "2004-08-26T14:59:45+00:00",
  "TimeWritten": "2004-08-26T14:59:45+00:00",
  "SourceName": "Service Control Manager",
  "EventID": 1073748860,
  "EventCode": 7036,
  "EventFacility": 0,
  "EventCustomerFlag": 0,
  "EventSeverity": 1073741824,
  "EventType": 4,
  "EventCategory": 0,
  "Computername": "N-1A9ODN6ZXK4LQ",
  "UserSid": null,
  "Strings": [
    "Telephony",
    "running"
  ],
  "Data": "",
  "_source": "4Dell+Latitude+CPi.E01",
  "_classification": null,
  "_generated": "2025-04-19T01:37:26.799149+00:00",
  "_version": 1
}
{
  "hostname": "N-1A9ODN6ZXK4LQ",
  "domain": null,
  "ts": "2004-08-26T14:59:45+00:00",
  "TimeGenerated": "2004-08-26T14:59:45+00:00",
  "TimeWritten": "2004-08-26T14:59:45+00:00",
  "SourceName": "Service Control Manager",
  "EventID": 1073748859,
  "EventCode": 7035,
  "EventFacility": 0,
  "EventCustomerFlag": 0,
  "EventSeverity": 1073741824,
  "EventType": 4,
  "EventCategory": 0,
  "Computername": "N-1A9ODN6ZXK4LQ",
  "UserSid": null,
  "Strings": [
    "Remote Access Connection Manager",
    "start"
  ],
  "Data": "",
  "_source": "4Dell+Latitude+CPi.E01",
  "_classification": null,
  "_generated": "2025-04-19T01:37:26.799266+00:00",
  "_version": 1
}
{
  "hostname": "N-1A9ODN6ZXK4LQ",
  "domain": null,
  "ts": "2004-08-26T14:59:45+00:00",
  "TimeGenerated": "2004-08-26T14:59:45+00:00",
  "TimeWritten": "2004-08-26T14:59:45+00:00",
  "SourceName": "Service Control Manager",
  "EventID": 1073748860,
  "EventCode": 7036,
  "EventFacility": 0,
  "EventCustomerFlag": 0,
  "EventSeverity": 1073741824,
  "EventType": 4,
  "EventCategory": 0,
  "Computername": "N-1A9ODN6ZXK4LQ",
  "UserSid": null,
  "Strings": [
    "Remote Access Connection Manager",
    "running"
  ],
  "Data": "",
  "_source": "4Dell+Latitude+CPi.E01",
  "_classification": null,
  "_generated": "2025-04-19T01:37:26.799380+00:00",
  "_version": 1
}
