{"hostname": "N-1A9ODN6ZXK4LQ", "domain": null, "ts": "2004-08-27T15:10:02+00:00", "TimeGenerated": "2004-08-27T15:10:02+00:00", "TimeWritten": "2004-08-27T15:10:02+00:00", "SourceName": "Service Control Manager", "EventID": 1073748860, "EventCode": 7036, "EventFacility": 0, "EventCustomerFlag": 0, "EventSeverity": 1073741824, "EventType": 4, "EventCategory": 0, "Computername": "N-1A9ODN6ZXK4LQ", "UserSid": null, "Strings": ["SSDP Discovery Service", "running"], "Data": "", "_source": "4Dell+Latitude+CPi.E01", "_classification": null, "_generated": "2025-04-19T01:37:33.863425+00:00", "_version": 1}
{"hostname": "N-1A9ODN6ZXK4LQ", "domain": null, "ts": "2004-08-27T15:10:02+00:00", "TimeGenerated": "2004-08-27T15:10:02+00:00", "TimeWritten": "2004-08-27T15:10:02+00:00", "SourceName": "Service Control Manager", "EventID": 1073748859, "EventCode": 7035, "EventFacility": 0, "EventCustomerFlag": 0, "EventSeverity": 1073741824, "EventType": 4, "EventCategory": 0, "Computername": "N-1A9ODN6ZXK4LQ", "UserSid": null, "Strings": ["Network Location Awareness (NLA)", "start"], "Data": "", "_source": "4Dell+Latitude+CPi.E01", "_classification": null, "_generated": "2025-04-19T01:37:33.863534+00:00", "_version": 1}
{"hostname": "N-1A9ODN6ZXK4LQ", "domain": null, "ts": "2004-08-27T15:10:02+00:00", "TimeGenerated": "2004-08-27T15:10:02+00:00", "TimeWritten": "2004-08-27T15:10:02+00:00", "SourceName": "Service Control Manager", "EventID": 1073748860, "EventCode": 7036, "EventFacility": 0, "EventCustomerFlag": 0, "EventSeverity": 1073741824, "EventType": 4, "EventCategory": 0, "Computername": "N-1A9ODN6ZXK4LQ", "UserSid": null, "Strings": ["Network Location Awareness (NLA)", "running"], "Data": "", "_source": "4Dell+Latitude+CPi.E01", "_classification": null, "_generated": "2025-04-19T01:37:33.863639+00:00", "_version": 1}
{"hostname": "N-1A9ODN6ZXK4LQ", "domain": null, "ts": "2004-08-27T15:10:02+00:00", "TimeGenerated": "2004-08-27T15:10:02+00:00", "TimeWritten": "2004-08-27T15:10:02+00:00", "SourceName": "Service Control Manager", "EventID": 1073748860, "EventCode": 7036, "EventFacility": 0, "EventCustomerFlag": 0, "EventSeverity": 1073741824, "EventType": 4, "EventCategory": 0, "Computername": "N-1A9ODN6ZXK4LQ", "UserSid": null, "Strings": ["Telephony", "running"], "Data": "", "_source": "4Dell+Latitude+CPi.E01", "_classification": null, "_generated": "2025-04-19T01:37:33.863727+00:00", "_version": 1}
{"hostname": "N-1A9ODN6ZXK4LQ", "domain": null, "ts": "2004-08-27T15:10:02+00:00", "TimeGenerated": "2004-08-27T15:10:02+00:00", "TimeWritten": "2004-08-27T15:10:02+00:00", "SourceName": "Service Control Manager", "EventID": 1073748859, "EventCode": 7035, "EventFacility": 0, "EventCustomerFlag": 0, "EventSeverity": 1073741824, "EventType": 4, "EventCategory": 0, "Computername": "N-1A9ODN6ZXK4LQ", "UserSid": null, "Strings": ["Remote Access Connection Manager", "start"], "Data": "", "_source": "4Dell+Latitude+CPi.E01", "_classification": null, "_generated": "2025-04-19T01:37:33.863837+00:00", "_version": 1}
{"hostname": "N-1A9ODN6ZXK4LQ", "domain": null, "ts": "2004-08-27T15:10:02+00:00", "TimeGenerated": "2004-08-27T15:10:02+00:00", "TimeWritten": "2004-08-27T15:10:02+00:00", "SourceName": "Service Control Manager", "EventID": 1073748860, "EventCode": 7036, "EventFacility": 0, "EventCustomerFlag": 0, "EventSeverity": 1073741824, "EventType": 4, "EventCategory": 0, "Computername": "N-1A9ODN6ZXK4LQ", "UserSid": null, "Strings": ["Remote Access Connection Manager", "running"], "Data": "", "_source": "4Dell+Latitude+CPi.E01", "_classification": null, "_generated": "2025-04-19T01:37:33.863947+00:00", "_version": 1}
{"hostname": "N-1A9ODN6ZXK4LQ", "domain": null, "ts": "2004-08-27T15:10:02+00:00", "TimeGenerated": "2004-08-27T15:10:02+00:00", "TimeWritten": "2004-08-27T15:10:02+00:00", "SourceName": "Service Control Manager", "EventID": 1073748859, "EventCode": 7035, "EventFacility": 0, "EventCustomerFlag": 0, "EventSeverity": 1073741824, "EventType": 4, "EventCategory": 0, "Computername": "N-1A9ODN6ZXK4LQ", "UserSid": null, "Strings": ["Remote Access Auto Connection Manager", "start"], "Data": "", "_source": "4Dell+Latitude+CPi.E01", "_classification": null, "_generated": "2025-04-19T01:37:33.864064+00:00", "_version": 1}
{"hostname": "N-1A9ODN6ZXK4LQ", "domain": null, "ts": "2004-08-27T15:10:02+00:00", "TimeGenerated": "2004-08-27T15:10:02+00:00", "TimeWritten": "2004-08-27T15:10:02+00:00", "SourceName": "Service Control Manager", "EventID": 1073748860, "EventCode": 7036, "EventFacility": 0, "EventCustomerFlag": 0, "EventSeverity": 1073741824, "EventType": 4, "EventCategory": 0, "Computername": "N-1A9ODN6ZXK4LQ", "UserSid": null, "Strings": ["Remote Access Auto Connection Manager", "running"], "Data": "", "_source": "4Dell+Latitude+CPi.E01", "_classification": null, "_generated": "2025-04-19T01:37:33.864166+00:00", "_version": 1}
{"hostname": "N-1A9ODN6ZXK4LQ", "domain": null, "ts": "2004-08-27T15:12:36+00:00", "TimeGenerated": "2004-08-27T15:12:36+00:00", "TimeWritten": "2004-08-27T15:12:36+00:00", "SourceName": "Service Control Manager", "EventID": 1073748860, "EventCode": 7036, "EventFacility": 0, "EventCustomerFlag": 0, "EventSeverity": 1073741824, "EventType": 4, "EventCategory": 0, "Computername": "N-1A9ODN6ZXK4LQ", "UserSid": null, "Strings": ["Wireless Zero Configuration", "stopped"], "Data": "", "_source": "4Dell+Latitude+CPi.E01", "_classification": null, "_generated": "2025-04-19T01:37:33.864262+00:00", "_version": 1}
{"hostname": "N-1A9ODN6ZXK4LQ", "domain": null, "ts": "2004-08-27T15:12:37+00:00", "TimeGenerated": "2004-08-27T15:12:37+00:00", "TimeWritten": "2004-08-27T15:12:37+00:00", "SourceName": "Service Control Manager", "EventID": 1073748859, "EventCode": 7035, "EventFacility": 0, "EventCustomerFlag": 0, "EventSeverity": 1073741824, "EventType": 4, "EventCategory": 0, "Computername": "N-1A9ODN6ZXK4LQ", "UserSid": null, "Strings": ["Wireless Zero Configuration", "stop"], "Data": "", "_source": "4Dell+Latitude+CPi.E01", "_classification": null, "_generated": "2025-04-19T01:37:33.864380+00:00", "_version": 1}
{"hostname": "N-1A9ODN6ZXK4LQ", "domain": null, "ts": "2004-08-27T15:12:43+00:00", "TimeGenerated": "2004-08-27T15:12:43+00:00", "TimeWritten": "2004-08-27T15:12:43+00:00", "SourceName": "Service Control Manager", "EventID": 1073748859, "EventCode": 7035, "EventFacility": 0, "EventCustomerFlag": 0, "EventSeverity": 1073741824, "EventType": 4, "EventCategory": 0, "Computername": "N-1A9ODN6ZXK4LQ", "UserSid": null, "Strings": ["Wireless Zero Configuration", "start"], "Data": "", "_source": "4Dell+Latitude+CPi.E01", "_classification": null, "_generated": "2025-04-19T01:37:33.864489+00:00", "_version": 1}
{"hostname": "N-1A9ODN6ZXK4LQ", "domain": null, "ts": "2004-08-27T15:12:43+00:00", "TimeGenerated": "2004-08-27T15:12:43+00:00", "TimeWritten": "2004-08-27T15:12:43+00:00", "SourceName": "Service Control Manager", "EventID": 1073748860, "EventCode": 7036, "EventFacility": 0, "EventCustomerFlag": 0, "EventSeverity": 1073741824, "EventType": 4, "EventCategory": 0, "Computername": "N-1A9ODN6ZXK4LQ", "UserSid": null, "Strings": ["Wireless Zero Configuration", "running"], "Data": "", "_source": "4Dell+Latitude+CPi.E01", "_classification": null, "_generated": "2025-04-19T01:37:33.864596+00:00", "_version": 1}
{"hostname": "N-1A9ODN6ZXK4LQ", "domain": null, "ts": "2004-08-27T15:25:14+00:00", "TimeGenerated": "2004-08-27T15:25:14+00:00", "TimeWritten": "2004-08-27T15:25:14+00:00", "SourceName": "W32Time", "EventID": 1113194531, "EventCode": 35, "EventFacility": 39452672, "EventCustomerFlag": 0, "EventSeverity": 1073741824, "EventType": 4, "EventCategory": 0, "Computername": "N-1A9ODN6ZXK4LQ", "UserSid": null, "Strings": ["time.windows.com (ntp.m|0x1|192.168.1.111:123->207.46.130.100:123)"], "Data": "", "_source": "4Dell+Latitude+CPi.E01", "_classification": null, "_generated": "2025-04-19T01:37:33.864701+00:00", "_version": 1}
{"hostname": "N-1A9ODN6ZXK4LQ", "domain": null, "ts": "2004-08-27T15:30:18+00:00", "TimeGenerated": "2004-08-27T15:30:18+00:00", "TimeWritten": "2004-08-27T15:30:18+00:00", "SourceName": "BROWSER", "EventID": 1073749857, "EventCode": 8033, "EventFacility": 0, "EventCustomerFlag": 0, "EventSeverity": 1073741824, "EventType": 4, "EventCategory": 0, "Computername": "N-1A9ODN6ZXK4LQ", "UserSid": null, "Strings": ["\\Device\\NetBT_Tcpip_{6E4090C2-FAEF-489A-8575-505D21FC1049}"], "Data": "", "_source": "4Dell+Latitude+CPi.E01", "_classification": null, "_generated": "2025-04-19T01:37:33.864805+00:00", "_version": 1}
{"hostname": "N-1A9ODN6ZXK4LQ", "domain": null, "ts": "2004-08-27T15:31:44+00:00", "TimeGenerated": "2004-08-27T15:31:44+00:00", "TimeWritten": "2004-08-27T15:31:44+00:00", "SourceName": "NetBT", "EventID": 3221229783, "EventCode": 4311, "EventFacility": 0, "EventCustomerFlag": 0, "EventSeverity": 3221225472, "EventType": 1, "EventCategory": 0, "Computername": "N-1A9ODN6ZXK4LQ", "UserSid": null, "Strings": [""], "Data": "AAAAAAEAWAAAAAAA1xAAwBEBAAABAADAAAAAAAAAAAAAAAAAAAAAAA==", "_source": "4Dell+Latitude+CPi.E01", "_classification": null, "_generated": "2025-04-19T01:37:33.864868+00:00", "_version": 1}
{"hostname": "N-1A9ODN6ZXK4LQ", "domain": null, "ts": "2004-08-27T15:34:01+00:00", "TimeGenerated": "2004-08-27T15:34:01+00:00", "TimeWritten": "2004-08-27T15:34:01+00:00", "SourceName": "Service Control Manager", "EventID": 1073748859, "EventCode": 7035, "EventFacility": 0, "EventCustomerFlag": 0, "EventSeverity": 1073741824, "EventType": 4, "EventCategory": 0, "Computername": "N-1A9ODN6ZXK4LQ", "UserSid": null, "Strings": ["NetGroup Packet Filter Driver", "start"], "Data": "", "_source": "4Dell+Latitude+CPi.E01", "_classification": null, "_generated": "2025-04-19T01:37:33.864978+00:00", "_version": 1}
{"hostname": "N-1A9ODN6ZXK4LQ", "domain": null, "ts": "2004-08-27T15:46:19+00:00", "TimeGenerated": "2004-08-27T15:46:19+00:00", "TimeWritten": "2004-08-27T15:46:19+00:00", "SourceName": "BROWSER", "EventID": 1073749857, "EventCode": 8033, "EventFacility": 0, "EventCustomerFlag": 0, "EventSeverity": 1073741824, "EventType": 4, "EventCategory": 0, "Computername": "N-1A9ODN6ZXK4LQ", "UserSid": null, "Strings": ["\\Device\\NetBT_Tcpip_{86FC0C96-3FF2-4D59-9ABA-C602F213B5D2}"], "Data": "", "_source": "4Dell+Latitude+CPi.E01", "_classification": null, "_generated": "2025-04-19T01:37:33.865081+00:00", "_version": 1}
{"hostname": "N-1A9ODN6ZXK4LQ", "domain": null, "ts": "2004-08-27T15:46:28+00:00", "TimeGenerated": "2004-08-27T15:46:28+00:00", "TimeWritten": "2004-08-27T15:46:28+00:00", "SourceName": "EventLog", "EventID": 2147489654, "EventCode": 6006, "EventFacility": 0, "EventCustomerFlag": 0, "EventSeverity": 2147483648, "EventType": 4, "EventCategory": 0, "Computername": "N-1A9ODN6ZXK4LQ", "UserSid": null, "Strings": [], "Data": "/wAAAA==", "_source": "4Dell+Latitude+CPi.E01", "_classification": null, "_generated": "2025-04-19T01:37:33.865138+00:00", "_version": 1}
