{
  "hostname": "N-1A9ODN6ZXK4LQ",
  "domain": null,
  "ts": "2004-08-26T14:59:45+00:00",
  "TimeGenerated": "2004-08-26T14:59:45+00:00",
  "TimeWritten": "2004-08-26T14:59:45+00:00",
  "SourceName": "Service Control Manager",
  "EventID": 1073748859,
  "EventCode": 7035,
  "EventFacility": 0,
  "EventCustomerFlag": 0,
  "EventSeverity": 1073741824,
  "EventType": 4,
  "EventCategory": 0,
  "Computername": "N-1A9ODN6ZXK4LQ",
  "UserSid": null,
  "Strings": [
    "Remote Access Auto Connection Manager",
    "start"
  ],
  "Data": "",
  "_source": "4Dell+Latitude+CPi.E01",
  "_classification": null,
  "_generated": "2025-04-19T01:37:26.799499+00:00",
  "_version": 1
}
{
  "hostname": "N-1A9ODN6ZXK4LQ",
  "domain": null,
  "ts": "2004-08-26T14:59:45+00:00",
  "TimeGenerated": "2004-08-26T14:59:45+00:00",
  "TimeWritten": "2004-08-26T14:59:45+00:00",
  "SourceName": "Service Control Manager",
  "EventID": 1073748860,
  "EventCode": 7036,
  "EventFacility": 0,
  "EventCustomerFlag": 0,
  "EventSeverity": 1073741824,
  "EventType": 4,
  "EventCategory": 0,
  "Computername": "N-1A9ODN6ZXK4LQ",
  "UserSid": null,
  "Strings": [
    "Remote Access Auto Connection Manager",
    "running"
  ],
  "Data": "",
  "_source": "4Dell+Latitude+CPi.E01",
  "_classification": null,
  "_generated": "2025-04-19T01:37:26.799605+00:00",
  "_version": 1
}
{
  "hostname": "N-1A9ODN6ZXK4LQ",
  "domain": null,
  "ts": "2004-08-26T15:07:44+00:00",
  "TimeGenerated": "2004-08-26T15:07:44+00:00",
  "TimeWritten": "2004-08-26T15:07:44+00:00",
  "SourceName": "Print",
  "EventID": 2147483668,
  "EventCode": 20,
  "EventFacility": 0,
  "EventCustomerFlag": 0,
  "EventSeverity": 2147483648,
  "EventType": 2,
  "EventCategory": 0,
  "Computername": "N-1A9ODN6ZXK4LQ",
  "UserSid": null,
  "Strings": [
    "HP LaserJet 2100 PCL6",
    "Windows NT x86",
    "Version-3",
    "UNIDRV.DLL, UNIDRVUI.DLL, HPLJ21P6.GPD, UNIDRV.HLP, PCL5ERES.DLL, PCLXL.DLL, PCLXL.GPD, P6FONT.GPD, PJL.GPD, P6DISP.GPD, TTFSUB.GPD, UNIRES.DLL, STDNAMES.GPD"
  ],
  "Data": "",
  "_source": "4Dell+Latitude+CPi.E01",
  "_classification": null,
  "_generated": "2025-04-19T01:37:26.800003+00:00",
  "_version": 1
}
{
  "hostname": "N-1A9ODN6ZXK4LQ",
  "domain": null,
  "ts": "2004-08-26T16:04:04+00:00",
  "TimeGenerated": "2004-08-26T16:04:04+00:00",
  "TimeWritten": "2004-08-26T16:04:04+00:00",
  "SourceName": "EventLog",
  "EventID": 2147489654,
  "EventCode": 6006,
  "EventFacility": 0,
  "EventCustomerFlag": 0,
  "EventSeverity": 2147483648,
  "EventType": 4,
  "EventCategory": 0,
  "Computername": "N-1A9ODN6ZXK4LQ",
  "UserSid": null,
  "Strings": [],
  "Data": "/wAAAA==",
  "_source": "4Dell+Latitude+CPi.E01",
  "_classification": null,
  "_generated": "2025-04-19T01:37:26.800069+00:00",
  "_version": 1
}
{
  "hostname": "N-1A9ODN6ZXK4LQ",
  "domain": null,
  "ts": "2004-08-27T15:08:20+00:00",
  "TimeGenerated": "2004-08-27T15:08:20+00:00",
  "TimeWritten": "2004-08-27T15:08:20+00:00",
  "SourceName": "EventLog",
  "EventID": 2147489657,
  "EventCode": 6009,
  "EventFacility": 0,
  "EventCustomerFlag": 0,
  "EventSeverity": 2147483648,
  "EventType": 4,
  "EventCategory": 0,
  "Computername": "N-1A9ODN6ZXK4LQ",
  "UserSid": null,
  "Strings": [
    "5.01.",
    "2600",
    "",
    "Uniprocessor Free"
  ],
  "Data": "",
  "_source": "4Dell+Latitude+CPi.E01",
  "_classification": null,
  "_generated": "2025-04-19T01:37:26.800168+00:00",
  "_version": 1
}
{
  "hostname": "N-1A9ODN6ZXK4LQ",
  "domain": null,
  "ts": "2004-08-27T15:08:20+00:00",
  "TimeGenerated": "2004-08-27T15:08:20+00:00",
  "TimeWritten": "2004-08-27T15:08:20+00:00",
  "SourceName": "EventLog",
  "EventID": 2147489653,
  "EventCode": 6005,
  "EventFacility": 0,
  "EventCustomerFlag": 0,
  "EventSeverity": 2147483648,
  "EventType": 4,
  "EventCategory": 0,
  "Computername": "N-1A9ODN6ZXK4LQ",
  "UserSid": null,
  "Strings": [],
  "Data": "",
  "_source": "4Dell+Latitude+CPi.E01",
  "_classification": null,
  "_generated": "2025-04-19T01:37:26.800225+00:00",
  "_version": 1
}
{
  "hostname": "N-1A9ODN6ZXK4LQ",
  "domain": null,
  "ts": "2004-08-27T15:08:18+00:00",
  "TimeGenerated": "2004-08-27T15:08:18+00:00",
  "TimeWritten": "2004-08-27T15:08:48+00:00",
  "SourceName": "Tcpip",
  "EventID": 1073746025,
  "EventCode": 4201,
  "EventFacility": 0,
  "EventCustomerFlag": 0,
  "EventSeverity": 1073741824,
  "EventType": 4,
  "EventCategory": 0,
  "Computername": "N-1A9ODN6ZXK4LQ",
  "UserSid": null,
  "Strings": [
    "",
    "\\DEVICE\\TCPIP_{6E4090C2-FAEF-489A-8575-505D21FC1049}"
  ],
  "Data": "AAAAAAIAUAAAAAAAaRAAQAIAAAAAAAAAAAAAAAAAAAAAAAAAAAAAAA==",
  "_source": "4Dell+Latitude+CPi.E01",
  "_classification": null,
  "_generated": "2025-04-19T01:37:26.800335+00:00",
  "_version": 1
}
{
  "hostname": "N-1A9ODN6ZXK4LQ",
  "domain": null,
  "ts": "2004-08-27T15:10:02+00:00",
  "TimeGenerated": "2004-08-27T15:10:02+00:00",
  "TimeWritten": "2004-08-27T15:10:02+00:00",
  "SourceName": "Service Control Manager",
  "EventID": 1073748859,
  "EventCode": 7035,
  "EventFacility": 0,
  "EventCustomerFlag": 0,
  "EventSeverity": 1073741824,
  "EventType": 4,
  "EventCategory": 0,
  "Computername": "N-1A9ODN6ZXK4LQ",
  "UserSid": null,
  "Strings": [
    "Terminal Services",
    "start"
  ],
  "Data": "",
  "_source": "4Dell+Latitude+CPi.E01",
  "_classification": null,
  "_generated": "2025-04-19T01:37:26.800437+00:00",
  "_version": 1
}
{
  "hostname": "N-1A9ODN6ZXK4LQ",
  "domain": null,
  "ts": "2004-08-27T15:10:02+00:00",
  "TimeGenerated": "2004-08-27T15:10:02+00:00",
  "TimeWritten": "2004-08-27T15:10:02+00:00",
  "SourceName": "Service Control Manager",
  "EventID": 1073748860,
  "EventCode": 7036,
  "EventFacility": 0,
  "EventCustomerFlag": 0,
  "EventSeverity": 1073741824,
  "EventType": 4,
  "EventCategory": 0,
  "Computername": "N-1A9ODN6ZXK4LQ",
  "UserSid": null,
  "Strings": [
    "Terminal Services",
    "running"
  ],
  "Data": "",
  "_source": "4Dell+Latitude+CPi.E01",
  "_classification": null,
  "_generated": "2025-04-19T01:37:26.800535+00:00",
  "_version": 1
}
{
  "hostname": "N-1A9ODN6ZXK4LQ",
  "domain": null,
  "ts": "2004-08-27T15:10:02+00:00",
  "TimeGenerated": "2004-08-27T15:10:02+00:00",
  "TimeWritten": "2004-08-27T15:10:02+00:00",
  "SourceName": "Service Control Manager",
  "EventID": 1073748859,
  "EventCode": 7035,
  "EventFacility": 0,
  "EventCustomerFlag": 0,
  "EventSeverity": 1073741824,
  "EventType": 4,
  "EventCategory": 0,
  "Computername": "N-1A9ODN6ZXK4LQ",
  "UserSid": null,
  "Strings": [
    "Fast User Switching Compatibility",
    "start"
  ],
  "Data": "",
  "_source": "4Dell+Latitude+CPi.E01",
  "_classification": null,
  "_generated": "2025-04-19T01:37:26.800643+00:00",
  "_version": 1
}
{
  "hostname": "N-1A9ODN6ZXK4LQ",
  "domain": null,
  "ts": "2004-08-27T15:10:02+00:00",
  "TimeGenerated": "2004-08-27T15:10:02+00:00",
  "TimeWritten": "2004-08-27T15:10:02+00:00",
  "SourceName": "Service Control Manager",
  "EventID": 1073748859,
  "EventCode": 7035,
  "EventFacility": 0,
  "EventCustomerFlag": 0,
  "EventSeverity": 1073741824,
  "EventType": 4,
  "EventCategory": 0,
  "Computername": "N-1A9ODN6ZXK4LQ",
  "UserSid": null,
  "Strings": [
    "Network Connections",
    "start"
  ],
  "Data": "",
  "_source": "4Dell+Latitude+CPi.E01",
  "_classification": null,
  "_generated": "2025-04-19T01:37:26.800746+00:00",
  "_version": 1
}
{
  "hostname": "N-1A9ODN6ZXK4LQ",
  "domain": null,
  "ts": "2004-08-27T15:10:02+00:00",
  "TimeGenerated": "2004-08-27T15:10:02+00:00",
  "TimeWritten": "2004-08-27T15:10:02+00:00",
  "SourceName": "Service Control Manager",
  "EventID": 1073748860,
  "EventCode": 7036,
  "EventFacility": 0,
  "EventCustomerFlag": 0,
  "EventSeverity": 1073741824,
  "EventType": 4,
  "EventCategory": 0,
  "Computername": "N-1A9ODN6ZXK4LQ",
  "UserSid": null,
  "Strings": [
    "Fast User Switching Compatibility",
    "running"
  ],
  "Data": "",
  "_source": "4Dell+Latitude+CPi.E01",
  "_classification": null,
  "_generated": "2025-04-19T01:37:26.800869+00:00",
  "_version": 1
}
{
  "hostname": "N-1A9ODN6ZXK4LQ",
  "domain": null,
  "ts": "2004-08-27T15:10:02+00:00",
  "TimeGenerated": "2004-08-27T15:10:02+00:00",
  "TimeWritten": "2004-08-27T15:10:02+00:00",
  "SourceName": "Service Control Manager",
  "EventID": 1073748859,
  "EventCode": 7035,
  "EventFacility": 0,
  "EventCustomerFlag": 0,
  "EventSeverity": 1073741824,
  "EventType": 4,
  "EventCategory": 0,
  "Computername": "N-1A9ODN6ZXK4LQ",
  "UserSid": null,
  "Strings": [
    "SSDP Discovery Service",
    "start"
  ],
  "Data": "",
  "_source": "4Dell+Latitude+CPi.E01",
  "_classification": null,
  "_generated": "2025-04-19T01:37:26.800982+00:00",
  "_version": 1
}
{
  "hostname": "N-1A9ODN6ZXK4LQ",
  "domain": null,
  "ts": "2004-08-27T15:10:02+00:00",
  "TimeGenerated": "2004-08-27T15:10:02+00:00",
  "TimeWritten": "2004-08-27T15:10:02+00:00",
  "SourceName": "Service Control Manager",
  "EventID": 1073748860,
  "EventCode": 7036,
  "EventFacility": 0,
  "EventCustomerFlag": 0,
  "EventSeverity": 1073741824,
  "EventType": 4,
  "EventCategory": 0,
  "Computername": "N-1A9ODN6ZXK4LQ",
  "UserSid": null,
  "Strings": [
    "Network Connections",
    "running"
  ],
  "Data": "",
  "_source": "4Dell+Latitude+CPi.E01",
  "_classification": null,
  "_generated": "2025-04-19T01:37:26.801080+00:00",
  "_version": 1
}
{
  "hostname": "N-1A9ODN6ZXK4LQ",
  "domain": null,
  "ts": "2004-08-27T15:10:02+00:00",
  "TimeGenerated": "2004-08-27T15:10:02+00:00",
  "TimeWritten": "2004-08-27T15:10:02+00:00",
  "SourceName": "Service Control Manager",
  "EventID": 1073748860,
  "EventCode": 7036,
  "EventFacility": 0,
  "EventCustomerFlag": 0,
  "EventSeverity": 1073741824,
  "EventType": 4,
  "EventCategory": 0,
  "Computername": "N-1A9ODN6ZXK4LQ",
  "UserSid": null,
  "Strings": [
    "SSDP Discovery Service",
    "running"
  ],
  "Data": "",
  "_source": "4Dell+Latitude+CPi.E01",
  "_classification": null,
  "_generated": "2025-04-19T01:37:26.801175+00:00",
  "_version": 1
}
{
  "hostname": "N-1A9ODN6ZXK4LQ",
  "domain": null,
  "ts": "2004-08-27T15:10:02+00:00",
  "TimeGenerated": "2004-08-27T15:10:02+00:00",
  "TimeWritten": "2004-08-27T15:10:02+00:00",
  "SourceName": "Service Control Manager",
  "EventID": 1073748859,
  "EventCode": 7035,
  "EventFacility": 0,
  "EventCustomerFlag": 0,
  "EventSeverity": 1073741824,
  "EventType": 4,
  "EventCategory": 0,
  "Computername": "N-1A9ODN6ZXK4LQ",
  "UserSid": null,
  "Strings": [
    "Network Location Awareness (NLA)",
    "start"
  ],
  "Data": "",
  "_source": "4Dell+Latitude+CPi.E01",
  "_classification": null,
  "_generated": "2025-04-19T01:37:26.801287+00:00",
  "_version": 1
}
{
  "hostname": "N-1A9ODN6ZXK4LQ",
  "domain": null,
  "ts": "2004-08-27T15:10:02+00:00",
  "TimeGenerated": "2004-08-27T15:10:02+00:00",
  "TimeWritten": "2004-08-27T15:10:02+00:00",
  "SourceName": "Service Control Manager",
  "EventID": 1073748860,
  "EventCode": 7036,
  "EventFacility": 0,
  "EventCustomerFlag": 0,
  "EventSeverity": 1073741824,
  "EventType": 4,
  "EventCategory": 0,
  "Computername": "N-1A9ODN6ZXK4LQ",
  "UserSid": null,
  "Strings": [
    "Network Location Awareness (NLA)",
    "running"
  ],
  "Data": "",
  "_source": "4Dell+Latitude+CPi.E01",
  "_classification": null,
  "_generated": "2025-04-19T01:37:26.801402+00:00",
  "_version": 1
}
{
  "hostname": "N-1A9ODN6ZXK4LQ",
  "domain": null,
  "ts": "2004-08-27T15:10:02+00:00",
  "TimeGenerated": "2004-08-27T15:10:02+00:00",
  "TimeWritten": "2004-08-27T15:10:02+00:00",
  "SourceName": "Service Control Manager",
  "EventID": 1073748860,
  "EventCode": 7036,
  "EventFacility": 0,
  "EventCustomerFlag": 0,
  "EventSeverity": 1073741824,
  "EventType": 4,
  "EventCategory": 0,
  "Computername": "N-1A9ODN6ZXK4LQ",
  "UserSid": null,
  "Strings": [
    "Telephony",
    "running"
  ],
  "Data": "",
  "_source": "4Dell+Latitude+CPi.E01",
  "_classification": null,
  "_generated": "2025-04-19T01:37:26.801491+00:00",
  "_version": 1
}
{
  "hostname": "N-1A9ODN6ZXK4LQ",
  "domain": null,
  "ts": "2004-08-27T15:10:02+00:00",
  "TimeGenerated": "2004-08-27T15:10:02+00:00",
  "TimeWritten": "2004-08-27T15:10:02+00:00",
  "SourceName": "Service Control Manager",
  "EventID": 1073748859,
  "EventCode": 7035,
  "EventFacility": 0,
  "EventCustomerFlag": 0,
  "EventSeverity": 1073741824,
  "EventType": 4,
  "EventCategory": 0,
  "Computername": "N-1A9ODN6ZXK4LQ",
  "UserSid": null,
  "Strings": [
    "Remote Access Connection Manager",
    "start"
  ],
  "Data": "",
  "_source": "4Dell+Latitude+CPi.E01",
  "_classification": null,
  "_generated": "2025-04-19T01:37:26.801595+00:00",
  "_version": 1
}
{
  "hostname": "N-1A9ODN6ZXK4LQ",
  "domain": null,
  "ts": "2004-08-27T15:10:02+00:00",
  "TimeGenerated": "2004-08-27T15:10:02+00:00",
  "TimeWritten": "2004-08-27T15:10:02+00:00",
  "SourceName": "Service Control Manager",
  "EventID": 1073748860,
  "EventCode": 7036,
  "EventFacility": 0,
  "EventCustomerFlag": 0,
  "EventSeverity": 1073741824,
  "EventType": 4,
  "EventCategory": 0,
  "Computername": "N-1A9ODN6ZXK4LQ",
  "UserSid": null,
  "Strings": [
    "Remote Access Connection Manager",
    "running"
  ],
  "Data": "",
  "_source": "4Dell+Latitude+CPi.E01",
  "_classification": null,
  "_generated": "2025-04-19T01:37:26.801695+00:00",
  "_version": 1
}
{
  "hostname": "N-1A9ODN6ZXK4LQ",
  "domain": null,
  "ts": "2004-08-27T15:10:02+00:00",
  "TimeGenerated": "2004-08-27T15:10:02+00:00",
  "TimeWritten": "2004-08-27T15:10:02+00:00",
  "SourceName": "Service Control Manager",
  "EventID": 1073748859,
  "EventCode": 7035,
  "EventFacility": 0,
  "EventCustomerFlag": 0,
  "EventSeverity": 1073741824,
  "EventType": 4,
  "EventCategory": 0,
  "Computername": "N-1A9ODN6ZXK4LQ",
  "UserSid": null,
  "Strings": [
    "Remote Access Auto Connection Manager",
    "start"
  ],
  "Data": "",
  "_source": "4Dell+Latitude+CPi.E01",
  "_classification": null,
  "_generated": "2025-04-19T01:37:26.801801+00:00",
  "_version": 1
}
{
  "hostname": "N-1A9ODN6ZXK4LQ",
  "domain": null,
  "ts": "2004-08-27T15:10:02+00:00",
  "TimeGenerated": "2004-08-27T15:10:02+00:00",
  "TimeWritten": "2004-08-27T15:10:02+00:00",
  "SourceName": "Service Control Manager",
  "EventID": 1073748860,
  "EventCode": 7036,
  "EventFacility": 0,
  "EventCustomerFlag": 0,
  "EventSeverity": 1073741824,
  "EventType": 4,
  "EventCategory": 0,
  "Computername": "N-1A9ODN6ZXK4LQ",
  "UserSid": null,
  "Strings": [
    "Remote Access Auto Connection Manager",
    "running"
  ],
  "Data": "",
  "_source": "4Dell+Latitude+CPi.E01",
  "_classification": null,
  "_generated": "2025-04-19T01:37:26.801907+00:00",
  "_version": 1
}
{
  "hostname": "N-1A9ODN6ZXK4LQ",
  "domain": null,
  "ts": "2004-08-27T15:12:36+00:00",
  "TimeGenerated": "2004-08-27T15:12:36+00:00",
  "TimeWritten": "2004-08-27T15:12:36+00:00",
  "SourceName": "Service Control Manager",
  "EventID": 1073748860,
  "EventCode": 7036,
  "EventFacility": 0,
  "EventCustomerFlag": 0,
  "EventSeverity": 1073741824,
  "EventType": 4,
  "EventCategory": 0,
  "Computername": "N-1A9ODN6ZXK4LQ",
  "UserSid": null,
  "Strings": [
    "Wireless Zero Configuration",
    "stopped"
  ],
  "Data": "",
  "_source": "4Dell+Latitude+CPi.E01",
  "_classification": null,
  "_generated": "2025-04-19T01:37:26.802013+00:00",
  "_version": 1
}
{
  "hostname": "N-1A9ODN6ZXK4LQ",
  "domain": null,
  "ts": "2004-08-27T15:12:37+00:00",
  "TimeGenerated": "2004-08-27T15:12:37+00:00",
  "TimeWritten": "2004-08-27T15:12:37+00:00",
  "SourceName": "Service Control Manager",
  "EventID": 1073748859,
  "EventCode": 7035,
  "EventFacility": 0,
  "EventCustomerFlag": 0,
  "EventSeverity": 1073741824,
  "EventType": 4,
  "EventCategory": 0,
  "Computername": "N-1A9ODN6ZXK4LQ",
  "UserSid": null,
  "Strings": [
    "Wireless Zero Configuration",
    "stop"
  ],
  "Data": "",
  "_source": "4Dell+Latitude+CPi.E01",
  "_classification": null,
  "_generated": "2025-04-19T01:37:26.802120+00:00",
  "_version": 1
}
{
  "hostname": "N-1A9ODN6ZXK4LQ",
  "domain": null,
  "ts": "2004-08-27T15:12:43+00:00",
  "TimeGenerated": "2004-08-27T15:12:43+00:00",
  "TimeWritten": "2004-08-27T15:12:43+00:00",
  "SourceName": "Service Control Manager",
  "EventID": 1073748859,
  "EventCode": 7035,
  "EventFacility": 0,
  "EventCustomerFlag": 0,
  "EventSeverity": 1073741824,
  "EventType": 4,
  "EventCategory": 0,
  "Computername": "N-1A9ODN6ZXK4LQ",
  "UserSid": null,
  "Strings": [
    "Wireless Zero Configuration",
    "start"
  ],
  "Data": "",
  "_source": "4Dell+Latitude+CPi.E01",
  "_classification": null,
  "_generated": "2025-04-19T01:37:26.802232+00:00",
  "_version": 1
}
{
  "hostname": "N-1A9ODN6ZXK4LQ",
  "domain": null,
  "ts": "2004-08-27T15:12:43+00:00",
  "TimeGenerated": "2004-08-27T15:12:43+00:00",
  "TimeWritten": "2004-08-27T15:12:43+00:00",
  "SourceName": "Service Control Manager",
  "EventID": 1073748860,
  "EventCode": 7036,
  "EventFacility": 0,
  "EventCustomerFlag": 0,
  "EventSeverity": 1073741824,
  "EventType": 4,
  "EventCategory": 0,
  "Computername": "N-1A9ODN6ZXK4LQ",
  "UserSid": null,
  "Strings": [
    "Wireless Zero Configuration",
    "running"
  ],
  "Data": "",
  "_source": "4Dell+Latitude+CPi.E01",
  "_classification": null,
  "_generated": "2025-04-19T01:37:26.802345+00:00",
  "_version": 1
}
{
  "hostname": "N-1A9ODN6ZXK4LQ",
  "domain": null,
  "ts": "2004-08-27T15:25:14+00:00",
  "TimeGenerated": "2004-08-27T15:25:14+00:00",
  "TimeWritten": "2004-08-27T15:25:14+00:00",
  "SourceName": "W32Time",
  "EventID": 1113194531,
  "EventCode": 35,
  "EventFacility": 39452672,
  "EventCustomerFlag": 0,
  "EventSeverity": 1073741824,
  "EventType": 4,
  "EventCategory": 0,
  "Computername": "N-1A9ODN6ZXK4LQ",
  "UserSid": null,
  "Strings": [
    "time.windows.com (ntp.m|0x1|192.168.1.111:123->207.46.130.100:123)"
  ],
  "Data": "",
  "_source": "4Dell+Latitude+CPi.E01",
  "_classification": null,
  "_generated": "2025-04-19T01:37:26.802457+00:00",
  "_version": 1
}
{
  "hostname": "N-1A9ODN6ZXK4LQ",
  "domain": null,
  "ts": "2004-08-27T15:30:18+00:00",
  "TimeGenerated": "2004-08-27T15:30:18+00:00",
  "TimeWritten": "2004-08-27T15:30:18+00:00",
  "SourceName": "BROWSER",
  "EventID": 1073749857,
  "EventCode": 8033,
  "EventFacility": 0,
  "EventCustomerFlag": 0,
  "EventSeverity": 1073741824,
  "EventType": 4,
  "EventCategory": 0,
  "Computername": "N-1A9ODN6ZXK4LQ",
  "UserSid": null,
  "Strings": [
    "\\Device\\NetBT_Tcpip_{6E4090C2-FAEF-489A-8575-505D21FC1049}"
  ],
  "Data": "",
  "_source": "4Dell+Latitude+CPi.E01",
  "_classification": null,
  "_generated": "2025-04-19T01:37:26.802565+00:00",
  "_version": 1
}
{
  "hostname": "N-1A9ODN6ZXK4LQ",
  "domain": null,
  "ts": "2004-08-27T15:31:44+00:00",
  "TimeGenerated": "2004-08-27T15:31:44+00:00",
  "TimeWritten": "2004-08-27T15:31:44+00:00",
  "SourceName": "NetBT",
  "EventID": 3221229783,
  "EventCode": 4311,
  "EventFacility": 0,
  "EventCustomerFlag": 0,
  "EventSeverity": 3221225472,
  "EventType": 1,
  "EventCategory": 0,
  "Computername": "N-1A9ODN6ZXK4LQ",
  "UserSid": null,
  "Strings": [
    ""
  ],
  "Data": "AAAAAAEAWAAAAAAA1xAAwBEBAAABAADAAAAAAAAAAAAAAAAAAAAAAA==",
  "_source": "4Dell+Latitude+CPi.E01",
  "_classification": null,
  "_generated": "2025-04-19T01:37:26.802629+00:00",
  "_version": 1
}
{
  "hostname": "N-1A9ODN6ZXK4LQ",
  "domain": null,
  "ts": "2004-08-27T15:34:01+00:00",
  "TimeGenerated": "2004-08-27T15:34:01+00:00",
  "TimeWritten": "2004-08-27T15:34:01+00:00",
  "SourceName": "Service Control Manager",
  "EventID": 1073748859,
  "EventCode": 7035,
  "EventFacility": 0,
  "EventCustomerFlag": 0,
  "EventSeverity": 1073741824,
  "EventType": 4,
  "EventCategory": 0,
  "Computername": "N-1A9ODN6ZXK4LQ",
  "UserSid": null,
  "Strings": [
    "NetGroup Packet Filter Driver",
    "start"
  ],
  "Data": "",
  "_source": "4Dell+Latitude+CPi.E01",
  "_classification": null,
  "_generated": "2025-04-19T01:37:26.802733+00:00",
  "_version": 1
}
{
  "hostname": "N-1A9ODN6ZXK4LQ",
  "domain": null,
  "ts": "2004-08-27T15:46:19+00:00",
  "TimeGenerated": "2004-08-27T15:46:19+00:00",
  "TimeWritten": "2004-08-27T15:46:19+00:00",
  "SourceName": "BROWSER",
  "EventID": 1073749857,
  "EventCode": 8033,
  "EventFacility": 0,
  "EventCustomerFlag": 0,
  "EventSeverity": 1073741824,
  "EventType": 4,
  "EventCategory": 0,
  "Computername": "N-1A9ODN6ZXK4LQ",
  "UserSid": null,
  "Strings": [
    "\\Device\\NetBT_Tcpip_{86FC0C96-3FF2-4D59-9ABA-C602F213B5D2}"
  ],
  "Data": "",
  "_source": "4Dell+Latitude+CPi.E01",
  "_classification": null,
  "_generated": "2025-04-19T01:37:26.802840+00:00",
  "_version": 1
}
{
  "hostname": "N-1A9ODN6ZXK4LQ",
  "domain": null,
  "ts": "2004-08-27T15:46:28+00:00",
  "TimeGenerated": "2004-08-27T15:46:28+00:00",
  "TimeWritten": "2004-08-27T15:46:28+00:00",
  "SourceName": "EventLog",
  "EventID": 2147489654,
  "EventCode": 6006,
  "EventFacility": 0,
  "EventCustomerFlag": 0,
  "EventSeverity": 2147483648,
  "EventType": 4,
  "EventCategory": 0,
  "Computername": "N-1A9ODN6ZXK4LQ",
  "UserSid": null,
  "Strings": [],
  "Data": "/wAAAA==",
  "_source": "4Dell+Latitude+CPi.E01",
  "_classification": null,
  "_generated": "2025-04-19T01:37:26.802905+00:00",
  "_version": 1
}
