{"hostname": "N-1A9ODN6ZXK4LQ", "domain": null, "ts": "2004-08-20T15:01:09+00:00", "TimeGenerated": "2004-08-20T15:01:09+00:00", "TimeWritten": "2004-08-20T15:01:39+00:00", "SourceName": "Tcpip", "EventID": 1073746025, "EventCode": 4201, "EventFacility": 0, "EventCustomerFlag": 0, "EventSeverity": 1073741824, "EventType": 4, "EventCategory": 0, "Computername": "N-1A9ODN6ZXK4LQ", "UserSid": null, "Strings": ["", "\\DEVICE\\TCPIP_{6E4090C2-FAEF-489A-8575-505D21FC1049}"], "Data": "AAAAAAIAUAAAAAAAaRAAQAIAAAAAAAAAAAAAAAAAAAAAAAAAAAAAAA==", "_source": "4Dell+Latitude+CPi.E01", "_classification": null, "_generated": "2025-04-19T01:37:33.854803+00:00", "_version": 1}
{"hostname": "N-1A9ODN6ZXK4LQ", "domain": null, "ts": "2004-08-20T15:02:24+00:00", "TimeGenerated": "2004-08-20T15:02:24+00:00", "TimeWritten": "2004-08-20T15:02:24+00:00", "SourceName": "Dhcp", "EventID": 1007, "EventCode": 1007, "EventFacility": 0, "EventCustomerFlag": 0, "EventSeverity": 0, "EventType": 2, "EventCategory": 0, "Computername": "N-1A9ODN6ZXK4LQ", "UserSid": null, "Strings": ["0010A4933E09", "169.254.242.213"], "Data": "AAAAAA==", "_source": "4Dell+Latitude+CPi.E01", "_classification": null, "_generated": "2025-04-19T01:37:33.854946+00:00", "_version": 1}
{"hostname": "N-1A9ODN6ZXK4LQ", "domain": null, "ts": "2004-08-20T15:02:37+00:00", "TimeGenerated": "2004-08-20T15:02:37+00:00", "TimeWritten": "2004-08-20T15:02:37+00:00", "SourceName": "W32Time", "EventID": 2186936337, "EventCode": 17, "EventFacility": 39452672, "EventCustomerFlag": 0, "EventSeverity": 2147483648, "EventType": 1, "EventCategory": 0, "Computername": "N-1A9ODN6ZXK4LQ", "UserSid": null, "Strings": ["time.windows.com,0x1", "A socket operation was attempted to an unreachable host. (0x80072751)", "15"], "Data": "", "_source": "4Dell+Latitude+CPi.E01", "_classification": null, "_generated": "2025-04-19T01:37:33.855088+00:00", "_version": 1}
{"hostname": "N-1A9ODN6ZXK4LQ", "domain": null, "ts": "2004-08-20T15:02:37+00:00", "TimeGenerated": "2004-08-20T15:02:37+00:00", "TimeWritten": "2004-08-20T15:02:37+00:00", "SourceName": "W32Time", "EventID": 3260678173, "EventCode": 29, "EventFacility": 39452672, "EventCustomerFlag": 0, "EventSeverity": 3221225472, "EventType": 1, "EventCategory": 0, "Computername": "N-1A9ODN6ZXK4LQ", "UserSid": null, "Strings": ["14"], "Data": "", "_source": "4Dell+Latitude+CPi.E01", "_classification": null, "_generated": "2025-04-19T01:37:33.855167+00:00", "_version": 1}
{"hostname": "N-1A9ODN6ZXK4LQ", "domain": null, "ts": "2004-08-20T15:02:43+00:00", "TimeGenerated": "2004-08-20T15:02:43+00:00", "TimeWritten": "2004-08-20T15:02:43+00:00", "SourceName": "W32Time", "EventID": 2186936337, "EventCode": 17, "EventFacility": 39452672, "EventCustomerFlag": 0, "EventSeverity": 2147483648, "EventType": 1, "EventCategory": 0, "Computername": "N-1A9ODN6ZXK4LQ", "UserSid": null, "Strings": ["time.windows.com,0x1", "A socket operation was attempted to an unreachable host. (0x80072751)", "15"], "Data": "", "_source": "4Dell+Latitude+CPi.E01", "_classification": null, "_generated": "2025-04-19T01:37:33.855303+00:00", "_version": 1}
{"hostname": "N-1A9ODN6ZXK4LQ", "domain": null, "ts": "2004-08-20T15:02:43+00:00", "TimeGenerated": "2004-08-20T15:02:43+00:00", "TimeWritten": "2004-08-20T15:02:43+00:00", "SourceName": "W32Time", "EventID": 3260678173, "EventCode": 29, "EventFacility": 39452672, "EventCustomerFlag": 0, "EventSeverity": 3221225472, "EventType": 1, "EventCategory": 0, "Computername": "N-1A9ODN6ZXK4LQ", "UserSid": null, "Strings": ["14"], "Data": "", "_source": "4Dell+Latitude+CPi.E01", "_classification": null, "_generated": "2025-04-19T01:37:33.855375+00:00", "_version": 1}
{"hostname": "N-1A9ODN6ZXK4LQ", "domain": null, "ts": "2004-08-20T15:03:02+00:00", "TimeGenerated": "2004-08-20T15:03:02+00:00", "TimeWritten": "2004-08-20T15:03:02+00:00", "SourceName": "Service Control Manager", "EventID": 1073748859, "EventCode": 7035, "EventFacility": 0, "EventCustomerFlag": 0, "EventSeverity": 1073741824, "EventType": 4, "EventCategory": 0, "Computername": "N-1A9ODN6ZXK4LQ", "UserSid": null, "Strings": ["Terminal Services", "start"], "Data": "", "_source": "4Dell+Latitude+CPi.E01", "_classification": null, "_generated": "2025-04-19T01:37:33.855483+00:00", "_version": 1}
{"hostname": "N-1A9ODN6ZXK4LQ", "domain": null, "ts": "2004-08-20T15:03:02+00:00", "TimeGenerated": "2004-08-20T15:03:02+00:00", "TimeWritten": "2004-08-20T15:03:02+00:00", "SourceName": "Service Control Manager", "EventID": 1073748859, "EventCode": 7035, "EventFacility": 0, "EventCustomerFlag": 0, "EventSeverity": 1073741824, "EventType": 4, "EventCategory": 0, "Computername": "N-1A9ODN6ZXK4LQ", "UserSid": null, "Strings": ["Network Connections", "start"], "Data": "", "_source": "4Dell+Latitude+CPi.E01", "_classification": null, "_generated": "2025-04-19T01:37:33.855584+00:00", "_version": 1}
{"hostname": "N-1A9ODN6ZXK4LQ", "domain": null, "ts": "2004-08-20T15:03:02+00:00", "TimeGenerated": "2004-08-20T15:03:02+00:00", "TimeWritten": "2004-08-20T15:03:02+00:00", "SourceName": "Service Control Manager", "EventID": 1073748860, "EventCode": 7036, "EventFacility": 0, "EventCustomerFlag": 0, "EventSeverity": 1073741824, "EventType": 4, "EventCategory": 0, "Computername": "N-1A9ODN6ZXK4LQ", "UserSid": null, "Strings": ["Network Connections", "running"], "Data": "", "_source": "4Dell+Latitude+CPi.E01", "_classification": null, "_generated": "2025-04-19T01:37:33.855679+00:00", "_version": 1}
{"hostname": "N-1A9ODN6ZXK4LQ", "domain": null, "ts": "2004-08-20T15:03:02+00:00", "TimeGenerated": "2004-08-20T15:03:02+00:00", "TimeWritten": "2004-08-20T15:03:02+00:00", "SourceName": "Service Control Manager", "EventID": 1073748860, "EventCode": 7036, "EventFacility": 0, "EventCustomerFlag": 0, "EventSeverity": 1073741824, "EventType": 4, "EventCategory": 0, "Computername": "N-1A9ODN6ZXK4LQ", "UserSid": null, "Strings": ["Terminal Services", "running"], "Data": "", "_source": "4Dell+Latitude+CPi.E01", "_classification": null, "_generated": "2025-04-19T01:37:33.855776+00:00", "_version": 1}
{"hostname": "N-1A9ODN6ZXK4LQ", "domain": null, "ts": "2004-08-20T15:03:02+00:00", "TimeGenerated": "2004-08-20T15:03:02+00:00", "TimeWritten": "2004-08-20T15:03:02+00:00", "SourceName": "Service Control Manager", "EventID": 1073748859, "EventCode": 7035, "EventFacility": 0, "EventCustomerFlag": 0, "EventSeverity": 1073741824, "EventType": 4, "EventCategory": 0, "Computername": "N-1A9ODN6ZXK4LQ", "UserSid": null, "Strings": ["Fast User Switching Compatibility", "start"], "Data": "", "_source": "4Dell+Latitude+CPi.E01", "_classification": null, "_generated": "2025-04-19T01:37:33.855893+00:00", "_version": 1}
{"hostname": "N-1A9ODN6ZXK4LQ", "domain": null, "ts": "2004-08-20T15:03:02+00:00", "TimeGenerated": "2004-08-20T15:03:02+00:00", "TimeWritten": "2004-08-20T15:03:02+00:00", "SourceName": "Service Control Manager", "EventID": 1073748860, "EventCode": 7036, "EventFacility": 0, "EventCustomerFlag": 0, "EventSeverity": 1073741824, "EventType": 4, "EventCategory": 0, "Computername": "N-1A9ODN6ZXK4LQ", "UserSid": null, "Strings": ["Fast User Switching Compatibility", "running"], "Data": "", "_source": "4Dell+Latitude+CPi.E01", "_classification": null, "_generated": "2025-04-19T01:37:33.856006+00:00", "_version": 1}
{"hostname": "N-1A9ODN6ZXK4LQ", "domain": null, "ts": "2004-08-20T15:03:02+00:00", "TimeGenerated": "2004-08-20T15:03:02+00:00", "TimeWritten": "2004-08-20T15:03:02+00:00", "SourceName": "Service Control Manager", "EventID": 1073748859, "EventCode": 7035, "EventFacility": 0, "EventCustomerFlag": 0, "EventSeverity": 1073741824, "EventType": 4, "EventCategory": 0, "Computername": "N-1A9ODN6ZXK4LQ", "UserSid": null, "Strings": ["SSDP Discovery Service", "start"], "Data": "", "_source": "4Dell+Latitude+CPi.E01", "_classification": null, "_generated": "2025-04-19T01:37:33.856107+00:00", "_version": 1}
{"hostname": "N-1A9ODN6ZXK4LQ", "domain": null, "ts": "2004-08-20T15:03:02+00:00", "TimeGenerated": "2004-08-20T15:03:02+00:00", "TimeWritten": "2004-08-20T15:03:02+00:00", "SourceName": "Service Control Manager", "EventID": 1073748860, "EventCode": 7036, "EventFacility": 0, "EventCustomerFlag": 0, "EventSeverity": 1073741824, "EventType": 4, "EventCategory": 0, "Computername": "N-1A9ODN6ZXK4LQ", "UserSid": null, "Strings": ["SSDP Discovery Service", "running"], "Data": "", "_source": "4Dell+Latitude+CPi.E01", "_classification": null, "_generated": "2025-04-19T01:37:33.856214+00:00", "_version": 1}
{"hostname": "N-1A9ODN6ZXK4LQ", "domain": null, "ts": "2004-08-20T15:03:02+00:00", "TimeGenerated": "2004-08-20T15:03:02+00:00", "TimeWritten": "2004-08-20T15:03:02+00:00", "SourceName": "Service Control Manager", "EventID": 1073748859, "EventCode": 7035, "EventFacility": 0, "EventCustomerFlag": 0, "EventSeverity": 1073741824, "EventType": 4, "EventCategory": 0, "Computername": "N-1A9ODN6ZXK4LQ", "UserSid": null, "Strings": ["Network Location Awareness (NLA)", "start"], "Data": "", "_source": "4Dell+Latitude+CPi.E01", "_classification": null, "_generated": "2025-04-19T01:37:33.856319+00:00", "_version": 1}
{"hostname": "N-1A9ODN6ZXK4LQ", "domain": null, "ts": "2004-08-20T15:03:02+00:00", "TimeGenerated": "2004-08-20T15:03:02+00:00", "TimeWritten": "2004-08-20T15:03:02+00:00", "SourceName": "Service Control Manager", "EventID": 1073748860, "EventCode": 7036, "EventFacility": 0, "EventCustomerFlag": 0, "EventSeverity": 1073741824, "EventType": 4, "EventCategory": 0, "Computername": "N-1A9ODN6ZXK4LQ", "UserSid": null, "Strings": ["Network Location Awareness (NLA)", "running"], "Data": "", "_source": "4Dell+Latitude+CPi.E01", "_classification": null, "_generated": "2025-04-19T01:37:33.856436+00:00", "_version": 1}
{"hostname": "N-1A9ODN6ZXK4LQ", "domain": null, "ts": "2004-08-20T15:12:06+00:00", "TimeGenerated": "2004-08-20T15:12:06+00:00", "TimeWritten": "2004-08-20T15:12:06+00:00", "SourceName": "Service Control Manager", "EventID": 1073748859, "EventCode": 7035, "EventFacility": 0, "EventCustomerFlag": 0, "EventSeverity": 1073741824, "EventType": 4, "EventCategory": 0, "Computername": "N-1A9ODN6ZXK4LQ", "UserSid": null, "Strings": ["Windows Installer", "start"], "Data": "", "_source": "4Dell+Latitude+CPi.E01", "_classification": null, "_generated": "2025-04-19T01:37:33.856541+00:00", "_version": 1}
{"hostname": "N-1A9ODN6ZXK4LQ", "domain": null, "ts": "2004-08-20T15:12:06+00:00", "TimeGenerated": "2004-08-20T15:12:06+00:00", "TimeWritten": "2004-08-20T15:12:06+00:00", "SourceName": "Service Control Manager", "EventID": 1073748860, "EventCode": 7036, "EventFacility": 0, "EventCustomerFlag": 0, "EventSeverity": 1073741824, "EventType": 4, "EventCategory": 0, "Computername": "N-1A9ODN6ZXK4LQ", "UserSid": null, "Strings": ["Windows Installer", "running"], "Data": "", "_source": "4Dell+Latitude+CPi.E01", "_classification": null, "_generated": "2025-04-19T01:37:33.856637+00:00", "_version": 1}
{"hostname": "N-1A9ODN6ZXK4LQ", "domain": null, "ts": "2004-08-20T15:17:42+00:00", "TimeGenerated": "2004-08-20T15:17:42+00:00", "TimeWritten": "2004-08-20T15:17:42+00:00", "SourceName": "W32Time", "EventID": 2186936337, "EventCode": 17, "EventFacility": 39452672, "EventCustomerFlag": 0, "EventSeverity": 2147483648, "EventType": 1, "EventCategory": 0, "Computername": "N-1A9ODN6ZXK4LQ", "UserSid": null, "Strings": ["time.windows.com,0x1", "A socket operation was attempted to an unreachable host. (0x80072751)", "30"], "Data": "", "_source": "4Dell+Latitude+CPi.E01", "_classification": null, "_generated": "2025-04-19T01:37:33.856766+00:00", "_version": 1}
{"hostname": "N-1A9ODN6ZXK4LQ", "domain": null, "ts": "2004-08-20T15:17:42+00:00", "TimeGenerated": "2004-08-20T15:17:42+00:00", "TimeWritten": "2004-08-20T15:17:42+00:00", "SourceName": "W32Time", "EventID": 3260678173, "EventCode": 29, "EventFacility": 39452672, "EventCustomerFlag": 0, "EventSeverity": 3221225472, "EventType": 1, "EventCategory": 0, "Computername": "N-1A9ODN6ZXK4LQ", "UserSid": null, "Strings": ["29"], "Data": "", "_source": "4Dell+Latitude+CPi.E01", "_classification": null, "_generated": "2025-04-19T01:37:33.856838+00:00", "_version": 1}
{"hostname": "N-1A9ODN6ZXK4LQ", "domain": null, "ts": "2004-08-20T15:22:45+00:00", "TimeGenerated": "2004-08-20T15:22:45+00:00", "TimeWritten": "2004-08-20T15:22:45+00:00", "SourceName": "Service Control Manager", "EventID": 1073748860, "EventCode": 7036, "EventFacility": 0, "EventCustomerFlag": 0, "EventSeverity": 1073741824, "EventType": 4, "EventCategory": 0, "Computername": "N-1A9ODN6ZXK4LQ", "UserSid": null, "Strings": ["Windows Installer", "stopped"], "Data": "", "_source": "4Dell+Latitude+CPi.E01", "_classification": null, "_generated": "2025-04-19T01:37:33.856940+00:00", "_version": 1}
{"hostname": "N-1A9ODN6ZXK4LQ", "domain": null, "ts": "2004-08-20T15:25:37+00:00", "TimeGenerated": "2004-08-20T15:25:37+00:00", "TimeWritten": "2004-08-20T15:25:37+00:00", "SourceName": "Service Control Manager", "EventID": 1073748860, "EventCode": 7036, "EventFacility": 0, "EventCustomerFlag": 0, "EventSeverity": 1073741824, "EventType": 4, "EventCategory": 0, "Computername": "N-1A9ODN6ZXK4LQ", "UserSid": null, "Strings": ["Telephony", "running"], "Data": "", "_source": "4Dell+Latitude+CPi.E01", "_classification": null, "_generated": "2025-04-19T01:37:33.857039+00:00", "_version": 1}
{"hostname": "N-1A9ODN6ZXK4LQ", "domain": null, "ts": "2004-08-20T15:25:37+00:00", "TimeGenerated": "2004-08-20T15:25:37+00:00", "TimeWritten": "2004-08-20T15:25:37+00:00", "SourceName": "Service Control Manager", "EventID": 1073748859, "EventCode": 7035, "EventFacility": 0, "EventCustomerFlag": 0, "EventSeverity": 1073741824, "EventType": 4, "EventCategory": 0, "Computername": "N-1A9ODN6ZXK4LQ", "UserSid": null, "Strings": ["Remote Access Connection Manager", "start"], "Data": "", "_source": "4Dell+Latitude+CPi.E01", "_classification": null, "_generated": "2025-04-19T01:37:33.857143+00:00", "_version": 1}
{"hostname": "N-1A9ODN6ZXK4LQ", "domain": null, "ts": "2004-08-20T15:25:40+00:00", "TimeGenerated": "2004-08-20T15:25:40+00:00", "TimeWritten": "2004-08-20T15:25:40+00:00", "SourceName": "Service Control Manager", "EventID": 1073748860, "EventCode": 7036, "EventFacility": 0, "EventCustomerFlag": 0, "EventSeverity": 1073741824, "EventType": 4, "EventCategory": 0, "Computername": "N-1A9ODN6ZXK4LQ", "UserSid": null, "Strings": ["Remote Access Connection Manager", "running"], "Data": "", "_source": "4Dell+Latitude+CPi.E01", "_classification": null, "_generated": "2025-04-19T01:37:33.857246+00:00", "_version": 1}
{"hostname": "N-1A9ODN6ZXK4LQ", "domain": null, "ts": "2004-08-20T15:25:40+00:00", "TimeGenerated": "2004-08-20T15:25:40+00:00", "TimeWritten": "2004-08-20T15:25:40+00:00", "SourceName": "Service Control Manager", "EventID": 1073748859, "EventCode": 7035, "EventFacility": 0, "EventCustomerFlag": 0, "EventSeverity": 1073741824, "EventType": 4, "EventCategory": 0, "Computername": "N-1A9ODN6ZXK4LQ", "UserSid": null, "Strings": ["Remote Access Auto Connection Manager", "start"], "Data": "", "_source": "4Dell+Latitude+CPi.E01", "_classification": null, "_generated": "2025-04-19T01:37:33.857358+00:00", "_version": 1}
{"hostname": "N-1A9ODN6ZXK4LQ", "domain": null, "ts": "2004-08-20T15:25:40+00:00", "TimeGenerated": "2004-08-20T15:25:40+00:00", "TimeWritten": "2004-08-20T15:25:40+00:00", "SourceName": "Service Control Manager", "EventID": 1073748860, "EventCode": 7036, "EventFacility": 0, "EventCustomerFlag": 0, "EventSeverity": 1073741824, "EventType": 4, "EventCategory": 0, "Computername": "N-1A9ODN6ZXK4LQ", "UserSid": null, "Strings": ["Remote Access Auto Connection Manager", "running"], "Data": "", "_source": "4Dell+Latitude+CPi.E01", "_classification": null, "_generated": "2025-04-19T01:37:33.857475+00:00", "_version": 1}
{"hostname": "N-1A9ODN6ZXK4LQ", "domain": null, "ts": "2004-08-20T15:26:31+00:00", "TimeGenerated": "2004-08-20T15:26:31+00:00", "TimeWritten": "2004-08-20T15:26:31+00:00", "SourceName": "W32Time", "EventID": 2186936337, "EventCode": 17, "EventFacility": 39452672, "EventCustomerFlag": 0, "EventSeverity": 2147483648, "EventType": 1, "EventCategory": 0, "Computername": "N-1A9ODN6ZXK4LQ", "UserSid": null, "Strings": ["time.windows.com,0x1", "A socket operation was attempted to an unreachable host. (0x80072751)", "15"], "Data": "", "_source": "4Dell+Latitude+CPi.E01", "_classification": null, "_generated": "2025-04-19T01:37:33.857611+00:00", "_version": 1}
{"hostname": "N-1A9ODN6ZXK4LQ", "domain": null, "ts": "2004-08-20T15:26:31+00:00", "TimeGenerated": "2004-08-20T15:26:31+00:00", "TimeWritten": "2004-08-20T15:26:31+00:00", "SourceName": "W32Time", "EventID": 3260678173, "EventCode": 29, "EventFacility": 39452672, "EventCustomerFlag": 0, "EventSeverity": 3221225472, "EventType": 1, "EventCategory": 0, "Computername": "N-1A9ODN6ZXK4LQ", "UserSid": null, "Strings": ["14"], "Data": "", "_source": "4Dell+Latitude+CPi.E01", "_classification": null, "_generated": "2025-04-19T01:37:33.857677+00:00", "_version": 1}
{"hostname": "N-1A9ODN6ZXK4LQ", "domain": null, "ts": "2004-08-20T15:26:31+00:00", "TimeGenerated": "2004-08-20T15:26:31+00:00", "TimeWritten": "2004-08-20T15:26:31+00:00", "SourceName": "BROWSER", "EventID": 1073749857, "EventCode": 8033, "EventFacility": 0, "EventCustomerFlag": 0, "EventSeverity": 1073741824, "EventType": 4, "EventCategory": 0, "Computername": "N-1A9ODN6ZXK4LQ", "UserSid": null, "Strings": ["\\Device\\NetBT_Tcpip_{6E4090C2-FAEF-489A-8575-505D21FC1049}"], "Data": "", "_source": "4Dell+Latitude+CPi.E01", "_classification": null, "_generated": "2025-04-19T01:37:33.857776+00:00", "_version": 1}
{"hostname": "N-1A9ODN6ZXK4LQ", "domain": null, "ts": "2004-08-20T15:23:13+00:00", "TimeGenerated": "2004-08-20T15:23:13+00:00", "TimeWritten": "2004-08-20T15:23:13+00:00", "SourceName": "W32Time", "EventID": 1113194531, "EventCode": 35, "EventFacility": 39452672, "EventCustomerFlag": 0, "EventSeverity": 1073741824, "EventType": 4, "EventCategory": 0, "Computername": "N-1A9ODN6ZXK4LQ", "UserSid": null, "Strings": ["time.windows.com (ntp.m|0x1|192.168.1.111:123->207.46.130.100:123)"], "Data": "", "_source": "4Dell+Latitude+CPi.E01", "_classification": null, "_generated": "2025-04-19T01:37:33.857884+00:00", "_version": 1}
{"hostname": "N-1A9ODN6ZXK4LQ", "domain": null, "ts": "2004-08-20T16:20:03+00:00", "TimeGenerated": "2004-08-20T16:20:03+00:00", "TimeWritten": "2004-08-20T16:20:03+00:00", "SourceName": "W32Time", "EventID": 2186936356, "EventCode": 36, "EventFacility": 39452672, "EventCustomerFlag": 0, "EventSeverity": 2147483648, "EventType": 2, "EventCategory": 0, "Computername": "N-1A9ODN6ZXK4LQ", "UserSid": null, "Strings": ["49152"], "Data": "", "_source": "4Dell+Latitude+CPi.E01", "_classification": null, "_generated": "2025-04-19T01:37:33.857961+00:00", "_version": 1}
{"hostname": "N-1A9ODN6ZXK4LQ", "domain": null, "ts": "2004-08-20T19:02:04+00:00", "TimeGenerated": "2004-08-20T19:02:04+00:00", "TimeWritten": "2004-08-20T19:02:04+00:00", "SourceName": "PlugPlayManager", "EventID": 2147483904, "EventCode": 256, "EventFacility": 0, "EventCustomerFlag": 0, "EventSeverity": 2147483648, "EventType": 2, "EventCategory": 0, "Computername": "N-1A9ODN6ZXK4LQ", "UserSid": null, "Strings": ["Connections Tray"], "Data": "", "_source": "4Dell+Latitude+CPi.E01", "_classification": null, "_generated": "2025-04-19T01:37:33.858043+00:00", "_version": 1}
{"hostname": "N-1A9ODN6ZXK4LQ", "domain": null, "ts": "2004-08-20T21:28:26+00:00", "TimeGenerated": "2004-08-20T21:28:26+00:00", "TimeWritten": "2004-08-20T21:28:26+00:00", "SourceName": "EventLog", "EventID": 2147489654, "EventCode": 6006, "EventFacility": 0, "EventCustomerFlag": 0, "EventSeverity": 2147483648, "EventType": 4, "EventCategory": 0, "Computername": "N-1A9ODN6ZXK4LQ", "UserSid": null, "Strings": [], "Data": "/wAAAA==", "_source": "4Dell+Latitude+CPi.E01", "_classification": null, "_generated": "2025-04-19T01:37:33.858103+00:00", "_version": 1}
{"hostname": "N-1A9ODN6ZXK4LQ", "domain": null, "ts": "2004-08-25T15:22:00+00:00", "TimeGenerated": "2004-08-25T15:22:00+00:00", "TimeWritten": "2004-08-25T15:22:00+00:00", "SourceName": "EventLog", "EventID": 2147489657, "EventCode": 6009, "EventFacility": 0, "EventCustomerFlag": 0, "EventSeverity": 2147483648, "EventType": 4, "EventCategory": 0, "Computername": "N-1A9ODN6ZXK4LQ", "UserSid": null, "Strings": ["5.01.", "2600", "", "Uniprocessor Free"], "Data": "", "_source": "4Dell+Latitude+CPi.E01", "_classification": null, "_generated": "2025-04-19T01:37:33.858201+00:00", "_version": 1}
{"hostname": "N-1A9ODN6ZXK4LQ", "domain": null, "ts": "2004-08-25T15:22:00+00:00", "TimeGenerated": "2004-08-25T15:22:00+00:00", "TimeWritten": "2004-08-25T15:22:00+00:00", "SourceName": "EventLog", "EventID": 2147489653, "EventCode": 6005, "EventFacility": 0, "EventCustomerFlag": 0, "EventSeverity": 2147483648, "EventType": 4, "EventCategory": 0, "Computername": "N-1A9ODN6ZXK4LQ", "UserSid": null, "Strings": [], "Data": "", "_source": "4Dell+Latitude+CPi.E01", "_classification": null, "_generated": "2025-04-19T01:37:33.858264+00:00", "_version": 1}
{"hostname": "N-1A9ODN6ZXK4LQ", "domain": null, "ts": "2004-08-25T15:21:57+00:00", "TimeGenerated": "2004-08-25T15:21:57+00:00", "TimeWritten": "2004-08-25T15:22:27+00:00", "SourceName": "Tcpip", "EventID": 1073746025, "EventCode": 4201, "EventFacility": 0, "EventCustomerFlag": 0, "EventSeverity": 1073741824, "EventType": 4, "EventCategory": 0, "Computername": "N-1A9ODN6ZXK4LQ", "UserSid": null, "Strings": ["", "\\DEVICE\\TCPIP_{6E4090C2-FAEF-489A-8575-505D21FC1049}"], "Data": "AAAAAAIAUAAAAAAAaRAAQAIAAAAAAAAAAAAAAAAAAAAAAAAAAAAAAA==", "_source": "4Dell+Latitude+CPi.E01", "_classification": null, "_generated": "2025-04-19T01:37:33.858376+00:00", "_version": 1}
{"hostname": "N-1A9ODN6ZXK4LQ", "domain": null, "ts": "2004-08-25T15:23:40+00:00", "TimeGenerated": "2004-08-25T15:23:40+00:00", "TimeWritten": "2004-08-25T15:23:40+00:00", "SourceName": "Service Control Manager", "EventID": 1073748859, "EventCode": 7035, "EventFacility": 0, "EventCustomerFlag": 0, "EventSeverity": 1073741824, "EventType": 4, "EventCategory": 0, "Computername": "N-1A9ODN6ZXK4LQ", "UserSid": null, "Strings": ["Terminal Services", "start"], "Data": "", "_source": "4Dell+Latitude+CPi.E01", "_classification": null, "_generated": "2025-04-19T01:37:33.858480+00:00", "_version": 1}
{"hostname": "N-1A9ODN6ZXK4LQ", "domain": null, "ts": "2004-08-25T15:23:40+00:00", "TimeGenerated": "2004-08-25T15:23:40+00:00", "TimeWritten": "2004-08-25T15:23:40+00:00", "SourceName": "Service Control Manager", "EventID": 1073748860, "EventCode": 7036, "EventFacility": 0, "EventCustomerFlag": 0, "EventSeverity": 1073741824, "EventType": 4, "EventCategory": 0, "Computername": "N-1A9ODN6ZXK4LQ", "UserSid": null, "Strings": ["Terminal Services", "running"], "Data": "", "_source": "4Dell+Latitude+CPi.E01", "_classification": null, "_generated": "2025-04-19T01:37:33.858580+00:00", "_version": 1}
{"hostname": "N-1A9ODN6ZXK4LQ", "domain": null, "ts": "2004-08-25T15:23:40+00:00", "TimeGenerated": "2004-08-25T15:23:40+00:00", "TimeWritten": "2004-08-25T15:23:40+00:00", "SourceName": "Service Control Manager", "EventID": 1073748859, "EventCode": 7035, "EventFacility": 0, "EventCustomerFlag": 0, "EventSeverity": 1073741824, "EventType": 4, "EventCategory": 0, "Computername": "N-1A9ODN6ZXK4LQ", "UserSid": null, "Strings": ["Fast User Switching Compatibility", "start"], "Data": "", "_source": "4Dell+Latitude+CPi.E01", "_classification": null, "_generated": "2025-04-19T01:37:33.858684+00:00", "_version": 1}
{"hostname": "N-1A9ODN6ZXK4LQ", "domain": null, "ts": "2004-08-25T15:23:40+00:00", "TimeGenerated": "2004-08-25T15:23:40+00:00", "TimeWritten": "2004-08-25T15:23:40+00:00", "SourceName": "Service Control Manager", "EventID": 1073748859, "EventCode": 7035, "EventFacility": 0, "EventCustomerFlag": 0, "EventSeverity": 1073741824, "EventType": 4, "EventCategory": 0, "Computername": "N-1A9ODN6ZXK4LQ", "UserSid": null, "Strings": ["Network Connections", "start"], "Data": "", "_source": "4Dell+Latitude+CPi.E01", "_classification": null, "_generated": "2025-04-19T01:37:33.858783+00:00", "_version": 1}
{"hostname": "N-1A9ODN6ZXK4LQ", "domain": null, "ts": "2004-08-25T15:23:40+00:00", "TimeGenerated": "2004-08-25T15:23:40+00:00", "TimeWritten": "2004-08-25T15:23:40+00:00", "SourceName": "Service Control Manager", "EventID": 1073748860, "EventCode": 7036, "EventFacility": 0, "EventCustomerFlag": 0, "EventSeverity": 1073741824, "EventType": 4, "EventCategory": 0, "Computername": "N-1A9ODN6ZXK4LQ", "UserSid": null, "Strings": ["Fast User Switching Compatibility", "running"], "Data": "", "_source": "4Dell+Latitude+CPi.E01", "_classification": null, "_generated": "2025-04-19T01:37:33.858894+00:00", "_version": 1}
{"hostname": "N-1A9ODN6ZXK4LQ", "domain": null, "ts": "2004-08-25T15:23:40+00:00", "TimeGenerated": "2004-08-25T15:23:40+00:00", "TimeWritten": "2004-08-25T15:23:40+00:00", "SourceName": "Service Control Manager", "EventID": 1073748860, "EventCode": 7036, "EventFacility": 0, "EventCustomerFlag": 0, "EventSeverity": 1073741824, "EventType": 4, "EventCategory": 0, "Computername": "N-1A9ODN6ZXK4LQ", "UserSid": null, "Strings": ["Network Connections", "running"], "Data": "", "_source": "4Dell+Latitude+CPi.E01", "_classification": null, "_generated": "2025-04-19T01:37:33.859006+00:00", "_version": 1}
{"hostname": "N-1A9ODN6ZXK4LQ", "domain": null, "ts": "2004-08-25T15:23:40+00:00", "TimeGenerated": "2004-08-25T15:23:40+00:00", "TimeWritten": "2004-08-25T15:23:40+00:00", "SourceName": "Service Control Manager", "EventID": 1073748859, "EventCode": 7035, "EventFacility": 0, "EventCustomerFlag": 0, "EventSeverity": 1073741824, "EventType": 4, "EventCategory": 0, "Computername": "N-1A9ODN6ZXK4LQ", "UserSid": null, "Strings": ["SSDP Discovery Service", "start"], "Data": "", "_source": "4Dell+Latitude+CPi.E01", "_classification": null, "_generated": "2025-04-19T01:37:33.859109+00:00", "_version": 1}
{"hostname": "N-1A9ODN6ZXK4LQ", "domain": null, "ts": "2004-08-25T15:23:40+00:00", "TimeGenerated": "2004-08-25T15:23:40+00:00", "TimeWritten": "2004-08-25T15:23:40+00:00", "SourceName": "Service Control Manager", "EventID": 1073748860, "EventCode": 7036, "EventFacility": 0, "EventCustomerFlag": 0, "EventSeverity": 1073741824, "EventType": 4, "EventCategory": 0, "Computername": "N-1A9ODN6ZXK4LQ", "UserSid": null, "Strings": ["SSDP Discovery Service", "running"], "Data": "", "_source": "4Dell+Latitude+CPi.E01", "_classification": null, "_generated": "2025-04-19T01:37:33.859205+00:00", "_version": 1}
{"hostname": "N-1A9ODN6ZXK4LQ", "domain": null, "ts": "2004-08-25T15:23:40+00:00", "TimeGenerated": "2004-08-25T15:23:40+00:00", "TimeWritten": "2004-08-25T15:23:40+00:00", "SourceName": "Service Control Manager", "EventID": 1073748859, "EventCode": 7035, "EventFacility": 0, "EventCustomerFlag": 0, "EventSeverity": 1073741824, "EventType": 4, "EventCategory": 0, "Computername": "N-1A9ODN6ZXK4LQ", "UserSid": null, "Strings": ["Network Location Awareness (NLA)", "start"], "Data": "", "_source": "4Dell+Latitude+CPi.E01", "_classification": null, "_generated": "2025-04-19T01:37:33.859317+00:00", "_version": 1}
{"hostname": "N-1A9ODN6ZXK4LQ", "domain": null, "ts": "2004-08-25T15:23:40+00:00", "TimeGenerated": "2004-08-25T15:23:40+00:00", "TimeWritten": "2004-08-25T15:23:40+00:00", "SourceName": "Service Control Manager", "EventID": 1073748860, "EventCode": 7036, "EventFacility": 0, "EventCustomerFlag": 0, "EventSeverity": 1073741824, "EventType": 4, "EventCategory": 0, "Computername": "N-1A9ODN6ZXK4LQ", "UserSid": null, "Strings": ["Network Location Awareness (NLA)", "running"], "Data": "", "_source": "4Dell+Latitude+CPi.E01", "_classification": null, "_generated": "2025-04-19T01:37:33.859427+00:00", "_version": 1}
{"hostname": "N-1A9ODN6ZXK4LQ", "domain": null, "ts": "2004-08-25T15:23:40+00:00", "TimeGenerated": "2004-08-25T15:23:40+00:00", "TimeWritten": "2004-08-25T15:23:40+00:00", "SourceName": "Service Control Manager", "EventID": 1073748860, "EventCode": 7036, "EventFacility": 0, "EventCustomerFlag": 0, "EventSeverity": 1073741824, "EventType": 4, "EventCategory": 0, "Computername": "N-1A9ODN6ZXK4LQ", "UserSid": null, "Strings": ["Telephony", "running"], "Data": "", "_source": "4Dell+Latitude+CPi.E01", "_classification": null, "_generated": "2025-04-19T01:37:33.859526+00:00", "_version": 1}
{"hostname": "N-1A9ODN6ZXK4LQ", "domain": null, "ts": "2004-08-25T15:23:40+00:00", "TimeGenerated": "2004-08-25T15:23:40+00:00", "TimeWritten": "2004-08-25T15:23:40+00:00", "SourceName": "Service Control Manager", "EventID": 1073748859, "EventCode": 7035, "EventFacility": 0, "EventCustomerFlag": 0, "EventSeverity": 1073741824, "EventType": 4, "EventCategory": 0, "Computername": "N-1A9ODN6ZXK4LQ", "UserSid": null, "Strings": ["Remote Access Connection Manager", "start"], "Data": "", "_source": "4Dell+Latitude+CPi.E01", "_classification": null, "_generated": "2025-04-19T01:37:33.859631+00:00", "_version": 1}
{"hostname": "N-1A9ODN6ZXK4LQ", "domain": null, "ts": "2004-08-25T15:23:40+00:00", "TimeGenerated": "2004-08-25T15:23:40+00:00", "TimeWritten": "2004-08-25T15:23:40+00:00", "SourceName": "Service Control Manager", "EventID": 1073748860, "EventCode": 7036, "EventFacility": 0, "EventCustomerFlag": 0, "EventSeverity": 1073741824, "EventType": 4, "EventCategory": 0, "Computername": "N-1A9ODN6ZXK4LQ", "UserSid": null, "Strings": ["Remote Access Connection Manager", "running"], "Data": "", "_source": "4Dell+Latitude+CPi.E01", "_classification": null, "_generated": "2025-04-19T01:37:33.859734+00:00", "_version": 1}
{"hostname": "N-1A9ODN6ZXK4LQ", "domain": null, "ts": "2004-08-25T15:23:40+00:00", "TimeGenerated": "2004-08-25T15:23:40+00:00", "TimeWritten": "2004-08-25T15:23:40+00:00", "SourceName": "Service Control Manager", "EventID": 1073748859, "EventCode": 7035, "EventFacility": 0, "EventCustomerFlag": 0, "EventSeverity": 1073741824, "EventType": 4, "EventCategory": 0, "Computername": "N-1A9ODN6ZXK4LQ", "UserSid": null, "Strings": ["Remote Access Auto Connection Manager", "start"], "Data": "", "_source": "4Dell+Latitude+CPi.E01", "_classification": null, "_generated": "2025-04-19T01:37:33.859848+00:00", "_version": 1}
{"hostname": "N-1A9ODN6ZXK4LQ", "domain": null, "ts": "2004-08-25T15:23:40+00:00", "TimeGenerated": "2004-08-25T15:23:40+00:00", "TimeWritten": "2004-08-25T15:23:40+00:00", "SourceName": "Service Control Manager", "EventID": 1073748860, "EventCode": 7036, "EventFacility": 0, "EventCustomerFlag": 0, "EventSeverity": 1073741824, "EventType": 4, "EventCategory": 0, "Computername": "N-1A9ODN6ZXK4LQ", "UserSid": null, "Strings": ["Remote Access Auto Connection Manager", "running"], "Data": "", "_source": "4Dell+Latitude+CPi.E01", "_classification": null, "_generated": "2025-04-19T01:37:33.859962+00:00", "_version": 1}
{"hostname": "N-1A9ODN6ZXK4LQ", "domain": null, "ts": "2004-08-25T16:22:30+00:00", "TimeGenerated": "2004-08-25T16:22:30+00:00", "TimeWritten": "2004-08-25T16:22:30+00:00", "SourceName": "Win32k", "EventID": 2147483888, "EventCode": 240, "EventFacility": 0, "EventCustomerFlag": 0, "EventSeverity": 2147483648, "EventType": 2, "EventCategory": 0, "Computername": "N-1A9ODN6ZXK4LQ", "UserSid": null, "Strings": ["", "winlogon.exe"], "Data": "AAAAAAIATgAAAAAA8AAAgAAAAAAAAAAAAAAAAAAAAAAAAAAAAAAAAA==", "_source": "4Dell+Latitude+CPi.E01", "_classification": null, "_generated": "2025-04-19T01:37:33.860050+00:00", "_version": 1}
{"hostname": "N-1A9ODN6ZXK4LQ", "domain": null, "ts": "2004-08-25T16:22:35+00:00", "TimeGenerated": "2004-08-25T16:22:35+00:00", "TimeWritten": "2004-08-25T16:22:35+00:00", "SourceName": "EventLog", "EventID": 2147489654, "EventCode": 6006, "EventFacility": 0, "EventCustomerFlag": 0, "EventSeverity": 2147483648, "EventType": 4, "EventCategory": 0, "Computername": "N-1A9ODN6ZXK4LQ", "UserSid": null, "Strings": [], "Data": "/wAAAA==", "_source": "4Dell+Latitude+CPi.E01", "_classification": null, "_generated": "2025-04-19T01:37:33.860110+00:00", "_version": 1}
{"hostname": "N-1A9ODN6ZXK4LQ", "domain": null, "ts": "2004-08-26T14:58:04+00:00", "TimeGenerated": "2004-08-26T14:58:04+00:00", "TimeWritten": "2004-08-26T14:58:04+00:00", "SourceName": "EventLog", "EventID": 2147489657, "EventCode": 6009, "EventFacility": 0, "EventCustomerFlag": 0, "EventSeverity": 2147483648, "EventType": 4, "EventCategory": 0, "Computername": "N-1A9ODN6ZXK4LQ", "UserSid": null, "Strings": ["5.01.", "2600", "", "Uniprocessor Free"], "Data": "", "_source": "4Dell+Latitude+CPi.E01", "_classification": null, "_generated": "2025-04-19T01:37:33.860210+00:00", "_version": 1}
{"hostname": "N-1A9ODN6ZXK4LQ", "domain": null, "ts": "2004-08-26T14:58:04+00:00", "TimeGenerated": "2004-08-26T14:58:04+00:00", "TimeWritten": "2004-08-26T14:58:04+00:00", "SourceName": "EventLog", "EventID": 2147489653, "EventCode": 6005, "EventFacility": 0, "EventCustomerFlag": 0, "EventSeverity": 2147483648, "EventType": 4, "EventCategory": 0, "Computername": "N-1A9ODN6ZXK4LQ", "UserSid": null, "Strings": [], "Data": "", "_source": "4Dell+Latitude+CPi.E01", "_classification": null, "_generated": "2025-04-19T01:37:33.860273+00:00", "_version": 1}
{"hostname": "N-1A9ODN6ZXK4LQ", "domain": null, "ts": "2004-08-26T14:58:03+00:00", "TimeGenerated": "2004-08-26T14:58:03+00:00", "TimeWritten": "2004-08-26T14:58:33+00:00", "SourceName": "Tcpip", "EventID": 1073746025, "EventCode": 4201, "EventFacility": 0, "EventCustomerFlag": 0, "EventSeverity": 1073741824, "EventType": 4, "EventCategory": 0, "Computername": "N-1A9ODN6ZXK4LQ", "UserSid": null, "Strings": ["", "\\DEVICE\\TCPIP_{6E4090C2-FAEF-489A-8575-505D21FC1049}"], "Data": "AAAAAAIAUAAAAAAAaRAAQAIAAAAAAAAAAAAAAAAAAAAAAAAAAAAAAA==", "_source": "4Dell+Latitude+CPi.E01", "_classification": null, "_generated": "2025-04-19T01:37:33.860382+00:00", "_version": 1}
{"hostname": "N-1A9ODN6ZXK4LQ", "domain": null, "ts": "2004-08-26T14:59:45+00:00", "TimeGenerated": "2004-08-26T14:59:45+00:00", "TimeWritten": "2004-08-26T14:59:45+00:00", "SourceName": "Service Control Manager", "EventID": 1073748860, "EventCode": 7036, "EventFacility": 0, "EventCustomerFlag": 0, "EventSeverity": 1073741824, "EventType": 4, "EventCategory": 0, "Computername": "N-1A9ODN6ZXK4LQ", "UserSid": null, "Strings": ["Terminal Services", "running"], "Data": "", "_source": "4Dell+Latitude+CPi.E01", "_classification": null, "_generated": "2025-04-19T01:37:33.860485+00:00", "_version": 1}
{"hostname": "N-1A9ODN6ZXK4LQ", "domain": null, "ts": "2004-08-26T14:59:45+00:00", "TimeGenerated": "2004-08-26T14:59:45+00:00", "TimeWritten": "2004-08-26T14:59:45+00:00", "SourceName": "Service Control Manager", "EventID": 1073748859, "EventCode": 7035, "EventFacility": 0, "EventCustomerFlag": 0, "EventSeverity": 1073741824, "EventType": 4, "EventCategory": 0, "Computername": "N-1A9ODN6ZXK4LQ", "UserSid": null, "Strings": ["Fast User Switching Compatibility", "start"], "Data": "", "_source": "4Dell+Latitude+CPi.E01", "_classification": null, "_generated": "2025-04-19T01:37:33.860599+00:00", "_version": 1}
{"hostname": "N-1A9ODN6ZXK4LQ", "domain": null, "ts": "2004-08-26T14:59:45+00:00", "TimeGenerated": "2004-08-26T14:59:45+00:00", "TimeWritten": "2004-08-26T14:59:45+00:00", "SourceName": "Service Control Manager", "EventID": 1073748859, "EventCode": 7035, "EventFacility": 0, "EventCustomerFlag": 0, "EventSeverity": 1073741824, "EventType": 4, "EventCategory": 0, "Computername": "N-1A9ODN6ZXK4LQ", "UserSid": null, "Strings": ["Network Connections", "start"], "Data": "", "_source": "4Dell+Latitude+CPi.E01", "_classification": null, "_generated": "2025-04-19T01:37:33.860695+00:00", "_version": 1}
{"hostname": "N-1A9ODN6ZXK4LQ", "domain": null, "ts": "2004-08-26T14:59:45+00:00", "TimeGenerated": "2004-08-26T14:59:45+00:00", "TimeWritten": "2004-08-26T14:59:45+00:00", "SourceName": "Service Control Manager", "EventID": 1073748860, "EventCode": 7036, "EventFacility": 0, "EventCustomerFlag": 0, "EventSeverity": 1073741824, "EventType": 4, "EventCategory": 0, "Computername": "N-1A9ODN6ZXK4LQ", "UserSid": null, "Strings": ["Fast User Switching Compatibility", "running"], "Data": "", "_source": "4Dell+Latitude+CPi.E01", "_classification": null, "_generated": "2025-04-19T01:37:33.860800+00:00", "_version": 1}
{"hostname": "N-1A9ODN6ZXK4LQ", "domain": null, "ts": "2004-08-26T14:59:45+00:00", "TimeGenerated": "2004-08-26T14:59:45+00:00", "TimeWritten": "2004-08-26T14:59:45+00:00", "SourceName": "Service Control Manager", "EventID": 1073748860, "EventCode": 7036, "EventFacility": 0, "EventCustomerFlag": 0, "EventSeverity": 1073741824, "EventType": 4, "EventCategory": 0, "Computername": "N-1A9ODN6ZXK4LQ", "UserSid": null, "Strings": ["Network Connections", "running"], "Data": "", "_source": "4Dell+Latitude+CPi.E01", "_classification": null, "_generated": "2025-04-19T01:37:33.860903+00:00", "_version": 1}
{"hostname": "N-1A9ODN6ZXK4LQ", "domain": null, "ts": "2004-08-26T14:59:45+00:00", "TimeGenerated": "2004-08-26T14:59:45+00:00", "TimeWritten": "2004-08-26T14:59:45+00:00", "SourceName": "Service Control Manager", "EventID": 1073748859, "EventCode": 7035, "EventFacility": 0, "EventCustomerFlag": 0, "EventSeverity": 1073741824, "EventType": 4, "EventCategory": 0, "Computername": "N-1A9ODN6ZXK4LQ", "UserSid": null, "Strings": ["SSDP Discovery Service", "start"], "Data": "", "_source": "4Dell+Latitude+CPi.E01", "_classification": null, "_generated": "2025-04-19T01:37:33.861011+00:00", "_version": 1}
{"hostname": "N-1A9ODN6ZXK4LQ", "domain": null, "ts": "2004-08-26T14:59:45+00:00", "TimeGenerated": "2004-08-26T14:59:45+00:00", "TimeWritten": "2004-08-26T14:59:45+00:00", "SourceName": "Service Control Manager", "EventID": 1073748860, "EventCode": 7036, "EventFacility": 0, "EventCustomerFlag": 0, "EventSeverity": 1073741824, "EventType": 4, "EventCategory": 0, "Computername": "N-1A9ODN6ZXK4LQ", "UserSid": null, "Strings": ["SSDP Discovery Service", "running"], "Data": "", "_source": "4Dell+Latitude+CPi.E01", "_classification": null, "_generated": "2025-04-19T01:37:33.861111+00:00", "_version": 1}
{"hostname": "N-1A9ODN6ZXK4LQ", "domain": null, "ts": "2004-08-26T14:59:45+00:00", "TimeGenerated": "2004-08-26T14:59:45+00:00", "TimeWritten": "2004-08-26T14:59:45+00:00", "SourceName": "Service Control Manager", "EventID": 1073748859, "EventCode": 7035, "EventFacility": 0, "EventCustomerFlag": 0, "EventSeverity": 1073741824, "EventType": 4, "EventCategory": 0, "Computername": "N-1A9ODN6ZXK4LQ", "UserSid": null, "Strings": ["Network Location Awareness (NLA)", "start"], "Data": "", "_source": "4Dell+Latitude+CPi.E01", "_classification": null, "_generated": "2025-04-19T01:37:33.861213+00:00", "_version": 1}
{"hostname": "N-1A9ODN6ZXK4LQ", "domain": null, "ts": "2004-08-26T14:59:45+00:00", "TimeGenerated": "2004-08-26T14:59:45+00:00", "TimeWritten": "2004-08-26T14:59:45+00:00", "SourceName": "Service Control Manager", "EventID": 1073748860, "EventCode": 7036, "EventFacility": 0, "EventCustomerFlag": 0, "EventSeverity": 1073741824, "EventType": 4, "EventCategory": 0, "Computername": "N-1A9ODN6ZXK4LQ", "UserSid": null, "Strings": ["Network Location Awareness (NLA)", "running"], "Data": "", "_source": "4Dell+Latitude+CPi.E01", "_classification": null, "_generated": "2025-04-19T01:37:33.861322+00:00", "_version": 1}
{"hostname": "N-1A9ODN6ZXK4LQ", "domain": null, "ts": "2004-08-26T14:59:45+00:00", "TimeGenerated": "2004-08-26T14:59:45+00:00", "TimeWritten": "2004-08-26T14:59:45+00:00", "SourceName": "Service Control Manager", "EventID": 1073748860, "EventCode": 7036, "EventFacility": 0, "EventCustomerFlag": 0, "EventSeverity": 1073741824, "EventType": 4, "EventCategory": 0, "Computername": "N-1A9ODN6ZXK4LQ", "UserSid": null, "Strings": ["Telephony", "running"], "Data": "", "_source": "4Dell+Latitude+CPi.E01", "_classification": null, "_generated": "2025-04-19T01:37:33.861419+00:00", "_version": 1}
{"hostname": "N-1A9ODN6ZXK4LQ", "domain": null, "ts": "2004-08-26T14:59:45+00:00", "TimeGenerated": "2004-08-26T14:59:45+00:00", "TimeWritten": "2004-08-26T14:59:45+00:00", "SourceName": "Service Control Manager", "EventID": 1073748859, "EventCode": 7035, "EventFacility": 0, "EventCustomerFlag": 0, "EventSeverity": 1073741824, "EventType": 4, "EventCategory": 0, "Computername": "N-1A9ODN6ZXK4LQ", "UserSid": null, "Strings": ["Remote Access Connection Manager", "start"], "Data": "", "_source": "4Dell+Latitude+CPi.E01", "_classification": null, "_generated": "2025-04-19T01:37:33.861536+00:00", "_version": 1}
{"hostname": "N-1A9ODN6ZXK4LQ", "domain": null, "ts": "2004-08-26T14:59:45+00:00", "TimeGenerated": "2004-08-26T14:59:45+00:00", "TimeWritten": "2004-08-26T14:59:45+00:00", "SourceName": "Service Control Manager", "EventID": 1073748860, "EventCode": 7036, "EventFacility": 0, "EventCustomerFlag": 0, "EventSeverity": 1073741824, "EventType": 4, "EventCategory": 0, "Computername": "N-1A9ODN6ZXK4LQ", "UserSid": null, "Strings": ["Remote Access Connection Manager", "running"], "Data": "", "_source": "4Dell+Latitude+CPi.E01", "_classification": null, "_generated": "2025-04-19T01:37:33.861641+00:00", "_version": 1}
{"hostname": "N-1A9ODN6ZXK4LQ", "domain": null, "ts": "2004-08-26T14:59:45+00:00", "TimeGenerated": "2004-08-26T14:59:45+00:00", "TimeWritten": "2004-08-26T14:59:45+00:00", "SourceName": "Service Control Manager", "EventID": 1073748859, "EventCode": 7035, "EventFacility": 0, "EventCustomerFlag": 0, "EventSeverity": 1073741824, "EventType": 4, "EventCategory": 0, "Computername": "N-1A9ODN6ZXK4LQ", "UserSid": null, "Strings": ["Remote Access Auto Connection Manager", "start"], "Data": "", "_source": "4Dell+Latitude+CPi.E01", "_classification": null, "_generated": "2025-04-19T01:37:33.861750+00:00", "_version": 1}
{"hostname": "N-1A9ODN6ZXK4LQ", "domain": null, "ts": "2004-08-26T14:59:45+00:00", "TimeGenerated": "2004-08-26T14:59:45+00:00", "TimeWritten": "2004-08-26T14:59:45+00:00", "SourceName": "Service Control Manager", "EventID": 1073748860, "EventCode": 7036, "EventFacility": 0, "EventCustomerFlag": 0, "EventSeverity": 1073741824, "EventType": 4, "EventCategory": 0, "Computername": "N-1A9ODN6ZXK4LQ", "UserSid": null, "Strings": ["Remote Access Auto Connection Manager", "running"], "Data": "", "_source": "4Dell+Latitude+CPi.E01", "_classification": null, "_generated": "2025-04-19T01:37:33.861865+00:00", "_version": 1}
{"hostname": "N-1A9ODN6ZXK4LQ", "domain": null, "ts": "2004-08-26T15:07:44+00:00", "TimeGenerated": "2004-08-26T15:07:44+00:00", "TimeWritten": "2004-08-26T15:07:44+00:00", "SourceName": "Print", "EventID": 2147483668, "EventCode": 20, "EventFacility": 0, "EventCustomerFlag": 0, "EventSeverity": 2147483648, "EventType": 2, "EventCategory": 0, "Computername": "N-1A9ODN6ZXK4LQ", "UserSid": null, "Strings": ["HP LaserJet 2100 PCL6", "Windows NT x86", "Version-3", "UNIDRV.DLL, UNIDRVUI.DLL, HPLJ21P6.GPD, UNIDRV.HLP, PCL5ERES.DLL, PCLXL.DLL, PCLXL.GPD, P6FONT.GPD, PJL.GPD, P6DISP.GPD, TTFSUB.GPD, UNIRES.DLL, STDNAMES.GPD"], "Data": "", "_source": "4Dell+Latitude+CPi.E01", "_classification": null, "_generated": "2025-04-19T01:37:33.862247+00:00", "_version": 1}
{"hostname": "N-1A9ODN6ZXK4LQ", "domain": null, "ts": "2004-08-26T16:04:04+00:00", "TimeGenerated": "2004-08-26T16:04:04+00:00", "TimeWritten": "2004-08-26T16:04:04+00:00", "SourceName": "EventLog", "EventID": 2147489654, "EventCode": 6006, "EventFacility": 0, "EventCustomerFlag": 0, "EventSeverity": 2147483648, "EventType": 4, "EventCategory": 0, "Computername": "N-1A9ODN6ZXK4LQ", "UserSid": null, "Strings": [], "Data": "/wAAAA==", "_source": "4Dell+Latitude+CPi.E01", "_classification": null, "_generated": "2025-04-19T01:37:33.862320+00:00", "_version": 1}
{"hostname": "N-1A9ODN6ZXK4LQ", "domain": null, "ts": "2004-08-27T15:08:20+00:00", "TimeGenerated": "2004-08-27T15:08:20+00:00", "TimeWritten": "2004-08-27T15:08:20+00:00", "SourceName": "EventLog", "EventID": 2147489657, "EventCode": 6009, "EventFacility": 0, "EventCustomerFlag": 0, "EventSeverity": 2147483648, "EventType": 4, "EventCategory": 0, "Computername": "N-1A9ODN6ZXK4LQ", "UserSid": null, "Strings": ["5.01.", "2600", "", "Uniprocessor Free"], "Data": "", "_source": "4Dell+Latitude+CPi.E01", "_classification": null, "_generated": "2025-04-19T01:37:33.862428+00:00", "_version": 1}
{"hostname": "N-1A9ODN6ZXK4LQ", "domain": null, "ts": "2004-08-27T15:08:20+00:00", "TimeGenerated": "2004-08-27T15:08:20+00:00", "TimeWritten": "2004-08-27T15:08:20+00:00", "SourceName": "EventLog", "EventID": 2147489653, "EventCode": 6005, "EventFacility": 0, "EventCustomerFlag": 0, "EventSeverity": 2147483648, "EventType": 4, "EventCategory": 0, "Computername": "N-1A9ODN6ZXK4LQ", "UserSid": null, "Strings": [], "Data": "", "_source": "4Dell+Latitude+CPi.E01", "_classification": null, "_generated": "2025-04-19T01:37:33.862491+00:00", "_version": 1}
{"hostname": "N-1A9ODN6ZXK4LQ", "domain": null, "ts": "2004-08-27T15:08:18+00:00", "TimeGenerated": "2004-08-27T15:08:18+00:00", "TimeWritten": "2004-08-27T15:08:48+00:00", "SourceName": "Tcpip", "EventID": 1073746025, "EventCode": 4201, "EventFacility": 0, "EventCustomerFlag": 0, "EventSeverity": 1073741824, "EventType": 4, "EventCategory": 0, "Computername": "N-1A9ODN6ZXK4LQ", "UserSid": null, "Strings": ["", "\\DEVICE\\TCPIP_{6E4090C2-FAEF-489A-8575-505D21FC1049}"], "Data": "AAAAAAIAUAAAAAAAaRAAQAIAAAAAAAAAAAAAAAAAAAAAAAAAAAAAAA==", "_source": "4Dell+Latitude+CPi.E01", "_classification": null, "_generated": "2025-04-19T01:37:33.862598+00:00", "_version": 1}
{"hostname": "N-1A9ODN6ZXK4LQ", "domain": null, "ts": "2004-08-27T15:10:02+00:00", "TimeGenerated": "2004-08-27T15:10:02+00:00", "TimeWritten": "2004-08-27T15:10:02+00:00", "SourceName": "Service Control Manager", "EventID": 1073748859, "EventCode": 7035, "EventFacility": 0, "EventCustomerFlag": 0, "EventSeverity": 1073741824, "EventType": 4, "EventCategory": 0, "Computername": "N-1A9ODN6ZXK4LQ", "UserSid": null, "Strings": ["Terminal Services", "start"], "Data": "", "_source": "4Dell+Latitude+CPi.E01", "_classification": null, "_generated": "2025-04-19T01:37:33.862690+00:00", "_version": 1}
{"hostname": "N-1A9ODN6ZXK4LQ", "domain": null, "ts": "2004-08-27T15:10:02+00:00", "TimeGenerated": "2004-08-27T15:10:02+00:00", "TimeWritten": "2004-08-27T15:10:02+00:00", "SourceName": "Service Control Manager", "EventID": 1073748860, "EventCode": 7036, "EventFacility": 0, "EventCustomerFlag": 0, "EventSeverity": 1073741824, "EventType": 4, "EventCategory": 0, "Computername": "N-1A9ODN6ZXK4LQ", "UserSid": null, "Strings": ["Terminal Services", "running"], "Data": "", "_source": "4Dell+Latitude+CPi.E01", "_classification": null, "_generated": "2025-04-19T01:37:33.862785+00:00", "_version": 1}
{"hostname": "N-1A9ODN6ZXK4LQ", "domain": null, "ts": "2004-08-27T15:10:02+00:00", "TimeGenerated": "2004-08-27T15:10:02+00:00", "TimeWritten": "2004-08-27T15:10:02+00:00", "SourceName": "Service Control Manager", "EventID": 1073748859, "EventCode": 7035, "EventFacility": 0, "EventCustomerFlag": 0, "EventSeverity": 1073741824, "EventType": 4, "EventCategory": 0, "Computername": "N-1A9ODN6ZXK4LQ", "UserSid": null, "Strings": ["Fast User Switching Compatibility", "start"], "Data": "", "_source": "4Dell+Latitude+CPi.E01", "_classification": null, "_generated": "2025-04-19T01:37:33.862897+00:00", "_version": 1}
{"hostname": "N-1A9ODN6ZXK4LQ", "domain": null, "ts": "2004-08-27T15:10:02+00:00", "TimeGenerated": "2004-08-27T15:10:02+00:00", "TimeWritten": "2004-08-27T15:10:02+00:00", "SourceName": "Service Control Manager", "EventID": 1073748859, "EventCode": 7035, "EventFacility": 0, "EventCustomerFlag": 0, "EventSeverity": 1073741824, "EventType": 4, "EventCategory": 0, "Computername": "N-1A9ODN6ZXK4LQ", "UserSid": null, "Strings": ["Network Connections", "start"], "Data": "", "_source": "4Dell+Latitude+CPi.E01", "_classification": null, "_generated": "2025-04-19T01:37:33.862998+00:00", "_version": 1}
{"hostname": "N-1A9ODN6ZXK4LQ", "domain": null, "ts": "2004-08-27T15:10:02+00:00", "TimeGenerated": "2004-08-27T15:10:02+00:00", "TimeWritten": "2004-08-27T15:10:02+00:00", "SourceName": "Service Control Manager", "EventID": 1073748860, "EventCode": 7036, "EventFacility": 0, "EventCustomerFlag": 0, "EventSeverity": 1073741824, "EventType": 4, "EventCategory": 0, "Computername": "N-1A9ODN6ZXK4LQ", "UserSid": null, "Strings": ["Fast User Switching Compatibility", "running"], "Data": "", "_source": "4Dell+Latitude+CPi.E01", "_classification": null, "_generated": "2025-04-19T01:37:33.863114+00:00", "_version": 1}
{"hostname": "N-1A9ODN6ZXK4LQ", "domain": null, "ts": "2004-08-27T15:10:02+00:00", "TimeGenerated": "2004-08-27T15:10:02+00:00", "TimeWritten": "2004-08-27T15:10:02+00:00", "SourceName": "Service Control Manager", "EventID": 1073748859, "EventCode": 7035, "EventFacility": 0, "EventCustomerFlag": 0, "EventSeverity": 1073741824, "EventType": 4, "EventCategory": 0, "Computername": "N-1A9ODN6ZXK4LQ", "UserSid": null, "Strings": ["SSDP Discovery Service", "start"], "Data": "", "_source": "4Dell+Latitude+CPi.E01", "_classification": null, "_generated": "2025-04-19T01:37:33.863219+00:00", "_version": 1}
{"hostname": "N-1A9ODN6ZXK4LQ", "domain": null, "ts": "2004-08-27T15:10:02+00:00", "TimeGenerated": "2004-08-27T15:10:02+00:00", "TimeWritten": "2004-08-27T15:10:02+00:00", "SourceName": "Service Control Manager", "EventID": 1073748860, "EventCode": 7036, "EventFacility": 0, "EventCustomerFlag": 0, "EventSeverity": 1073741824, "EventType": 4, "EventCategory": 0, "Computername": "N-1A9ODN6ZXK4LQ", "UserSid": null, "Strings": ["Network Connections", "running"], "Data": "", "_source": "4Dell+Latitude+CPi.E01", "_classification": null, "_generated": "2025-04-19T01:37:33.863319+00:00", "_version": 1}
